Log file open, 10/24/24 10:41:01
LogWindows: Failed to load 'aqProf.dll' (GetLastError=126)
LogWindows: File 'aqProf.dll' does not exist
LogWindows: Failed to load 'VtuneApi.dll' (GetLastError=126)
LogWindows: File 'VtuneApi.dll' does not exist
LogWindows: Failed to load 'VtuneApi32e.dll' (GetLastError=126)
LogWindows: File 'VtuneApi32e.dll' does not exist
LogConsoleResponse: Display: Failed to find resolution value strings in scalability ini. Falling back to default.
LogConsoleResponse: Display: Failed to find resolution value strings in scalability ini. Falling back to default.
LogInit: Display: Running engine for game: VehicleGame
LogPlatformFile: Not using cached read wrapper
LogTaskGraph: Started task graph with 5 named threads and 23 total threads with 3 sets of task threads.
LogStats: Stats thread started at 31.295022
LogICUInternationalization: ICU TimeZone Detection - Raw Offset: +1:00, Platform Override: ''
LogInit: Display: Loading text-based GConfig....
LogPluginManager: Mounting plugin MeshPainting
LogPluginManager: Mounting plugin XGEController
LogPluginManager: Mounting plugin Paper2D
LogPluginManager: Mounting plugin LiveLink
LogPluginManager: Mounting plugin Niagara
LogPluginManager: Mounting plugin LightPropagationVolume
LogPluginManager: Mounting plugin OodleData
LogPluginManager: Mounting plugin AISupport
LogPluginManager: Mounting plugin CameraShakePreviewer
LogPluginManager: Mounting plugin GameplayCameras
LogPluginManager: Mounting plugin OodleNetwork
LogPluginManager: Mounting plugin DatasmithContent
LogPluginManager: Mounting plugin EnvironmentQueryEditor
LogPluginManager: Mounting plugin VariantManagerContent
LogPluginManager: Mounting plugin AndroidMedia
LogPluginManager: Mounting plugin AvfMedia
LogPluginManager: Mounting plugin MediaCompositing
LogPluginManager: Mounting plugin MediaPlayerEditor
LogPluginManager: Mounting plugin ImgMedia
LogPluginManager: Mounting plugin LuminPlatformFeatures
LogPluginManager: Mounting plugin WebMMedia
LogPluginManager: Mounting plugin MagicLeap
LogPluginManager: Mounting plugin WmfMedia
LogPluginManager: Mounting plugin MagicLeapLightEstimation
LogPluginManager: Mounting plugin MagicLeapMedia
LogPluginManager: Mounting plugin AnimationSharing
LogPluginManager: Mounting plugin MagicLeapPassableWorld
LogPluginManager: Mounting plugin MLSDK
LogPluginManager: Mounting plugin CLionSourceCodeAccess
LogPluginManager: Mounting plugin CodeLiteSourceCodeAccess
LogPluginManager: Mounting plugin GitSourceControl
LogPluginManager: Mounting plugin KDevelopSourceCodeAccess
LogPluginManager: Mounting plugin NullSourceCodeAccess
LogPluginManager: Mounting plugin PerforceSourceControl
LogPluginManager: Mounting plugin PixWinPlugin
LogPluginManager: Mounting plugin PlasticSourceControl
LogPluginManager: Mounting plugin PluginUtils
LogPluginManager: Mounting plugin PropertyAccessNode
LogPluginManager: Mounting plugin RiderSourceCodeAccess
LogPluginManager: Mounting plugin SubversionSourceControl
LogPluginManager: Mounting plugin TextureFormatOodle
LogPluginManager: Mounting plugin UObjectPlugin
LogPluginManager: Mounting plugin VisualStudioCodeSourceCodeAccess
LogPluginManager: Mounting plugin VisualStudioSourceCodeAccess
LogPluginManager: Mounting plugin AssetManagerEditor
LogPluginManager: Mounting plugin CryptoKeys
LogPluginManager: Mounting plugin XCodeSourceCodeAccess
LogPluginManager: Mounting plugin CurveEditorTools
LogPluginManager: Mounting plugin MacGraphicsSwitching
LogPluginManager: Mounting plugin DataValidation
LogPluginManager: Mounting plugin GeometryMode
LogPluginManager: Mounting plugin FacialAnimation
LogPluginManager: Mounting plugin SpeedTreeImporter
LogPluginManager: Mounting plugin GameplayTagsEditor
LogPluginManager: Mounting plugin MaterialAnalyzer
LogPluginManager: Mounting plugin MobileLauncherProfileWizard
LogPluginManager: Mounting plugin PluginBrowser
LogPluginManager: Mounting plugin LauncherChunkInstaller
LogPluginManager: Mounting plugin TcpMessaging
LogPluginManager: Mounting plugin ActorSequence
LogPluginManager: Mounting plugin UdpMessaging
LogPluginManager: Mounting plugin LevelSequenceEditor
LogPluginManager: Mounting plugin MatineeToLevelSequence
LogPluginManager: Mounting plugin TemplateSequence
LogPluginManager: Mounting plugin OnlineSubsystem
LogPluginManager: Mounting plugin OnlineSubsystemNull
LogPluginManager: Mounting plugin OnlineSubsystemUtils
LogPluginManager: Mounting plugin AlembicImporter
LogPluginManager: Mounting plugin ChaosCloth
LogPluginManager: Mounting plugin ChaosClothEditor
LogPluginManager: Mounting plugin AutomationUtils
LogPluginManager: Mounting plugin BackChannel
LogPluginManager: Mounting plugin ChaosEditor
LogPluginManager: Mounting plugin ChaosNiagara
LogPluginManager: Mounting plugin ChaosSolverPlugin
LogPluginManager: Mounting plugin CharacterAI
LogPluginManager: Mounting plugin GeometryCollectionPlugin
LogPluginManager: Mounting plugin GeometryCache
LogPluginManager: Mounting plugin ScreenshotTools
LogPluginManager: Mounting plugin ActorLayerUtilities
LogPluginManager: Mounting plugin Takes
LogPluginManager: Mounting plugin AndroidDeviceProfileSelector
LogPluginManager: Mounting plugin AndroidMoviePlayer
LogPluginManager: Mounting plugin AndroidPermission
LogPluginManager: Mounting plugin AppleImageUtils
LogPluginManager: Mounting plugin AppleMoviePlayer
LogPluginManager: Mounting plugin ArchVisCharacter
LogPluginManager: Mounting plugin AssetTags
LogPluginManager: Mounting plugin AudioCapture
LogPluginManager: Mounting plugin AudioSynesthesia
LogPluginManager: Mounting plugin CableComponent
LogPluginManager: Mounting plugin ChunkDownloader
LogPluginManager: Mounting plugin CustomMeshComponent
LogPluginManager: Mounting plugin EditableMesh
LogPluginManager: Mounting plugin ExampleDeviceProfileSelector
LogPluginManager: Mounting plugin GoogleCloudMessaging
LogPluginManager: Mounting plugin GeometryProcessing
LogPluginManager: Mounting plugin GooglePAD
LogPluginManager: Mounting plugin MotoSynth
LogPluginManager: Mounting plugin OpenImageDenoise
LogPluginManager: Mounting plugin RawInput
LogPluginManager: Mounting plugin PythonScriptPlugin
LogPluginManager: Mounting plugin PlanarCut
LogPluginManager: Mounting plugin PlatformCrypto
LogPluginManager: Mounting plugin ProxyLODPlugin
LogPluginManager: Mounting plugin SkeletalReduction
LogPluginManager: Mounting plugin IOSDeviceProfileSelector
LogPluginManager: Mounting plugin LinuxDeviceProfileSelector
LogPluginManager: Mounting plugin LocationServicesBPLibrary
LogPluginManager: Mounting plugin MobilePatchingUtils
LogPluginManager: Mounting plugin OpenXR
LogPluginManager: Mounting plugin OpenXREyeTracker
LogPluginManager: Mounting plugin PostSplashScreen
LogPluginManager: Mounting plugin OpenXRHandTracking
LogPluginManager: Mounting plugin PhysXVehicles
LogPluginManager: Mounting plugin ProceduralMeshComponent
LogPluginManager: Mounting plugin PropertyAccessEditor
LogPluginManager: Mounting plugin SoundFields
LogPluginManager: Mounting plugin RuntimePhysXCooking
LogPluginManager: Mounting plugin SignificanceManager
LogPluginManager: Mounting plugin Synthesis
LogPluginManager: Mounting plugin WebMMoviePlayer
LogPluginManager: Mounting plugin WindowsMoviePlayer
LogPluginManager: Mounting plugin ContentBrowserAssetDataSource
LogPluginManager: Mounting plugin ContentBrowserClassDataSource
LogPluginManager: Mounting plugin ContentBrowserFileDataSource
LogPluginManager: Mounting plugin OnlineSubsystemGooglePlay
LogPluginManager: Mounting plugin OnlineSubsystemIOS
LogPluginManager: Mounting plugin OculusVR
LogPluginManager: Mounting plugin SteamVR
PixWinPlugin: PIX capture plugin failed to initialize! Check that the process is launched from PIX.
LogInit: Using libcurl 7.55.1-DEV
LogInit:  - built for x86_64-pc-win32
LogInit:  - supports SSL with OpenSSL/1.1.1
LogInit:  - supports HTTP deflate (compression) using libz 1.2.8
LogInit:  - other features:
LogInit:      CURL_VERSION_SSL
LogInit:      CURL_VERSION_LIBZ
LogInit:      CURL_VERSION_IPV6
LogInit:      CURL_VERSION_ASYNCHDNS
LogInit:      CURL_VERSION_LARGEFILE
LogInit:      CURL_VERSION_IDN
LogInit:  CurlRequestOptions (configurable via config and command line):
LogInit:  - bVerifyPeer = true  - Libcurl will verify peer certificate
LogInit:  - bUseHttpProxy = false  - Libcurl will NOT use HTTP proxy
LogInit:  - bDontReuseConnections = false  - Libcurl will reuse connections
LogInit:  - MaxHostConnections = 16  - Libcurl will limit the number of connections to a host
LogInit:  - LocalHostAddr = Default
LogInit:  - BufferSize = 65536
LogOnline: OSS: Creating online subsystem instance for: NULL
LogInit: WinSock: version 1.1 (2.2), MaxSocks=32767, MaxUdp=65467
LogOnline: OSS: TryLoadSubsystemAndSetDefault: Loaded subsystem for module [NULL]
LogOculusPluginWrapper: OculusPlugin initialized successfully
LogHMD: Failed initializing OVRPlugin 1.59.0
LogInit: Build: ++UE4+Release-4.27-CL-18319896
LogInit: Engine Version: 4.27.2-18319896+++UE4+Release-4.27
LogInit: Compatible Engine Version: 4.27.0-17155196+++UE4+Release-4.27
LogInit: Net CL: 17155196
LogInit: OS: Windows 10 (Release 2009) (), CPU: Intel(R) Core(TM) i7-7700K CPU @ 4.20GHz, GPU: NVIDIA GeForce GTX 1060 3GB
LogInit: Compiled (64-bit): Nov 30 2021 07:12:08
LogInit: Compiled with Visual C++: 19.24.28315.00
LogInit: Build Configuration: Development
LogInit: Branch Name: ++UE4+Release-4.27
LogInit: Command Line: 
LogInit: Base Directory: G:/Games/UE_4.27/Engine/Binaries/Win64/
LogInit: Allocator: TBB
LogInit: Installed Engine Build: 1
LogDevObjectVersion: Number of dev versions registered: 29
LogDevObjectVersion:   Dev-Blueprints (B0D832E4-1F89-4F0D-ACCF-7EB736FD4AA2): 10
LogDevObjectVersion:   Dev-Build (E1C64328-A22C-4D53-A36C-8E866417BD8C): 0
LogDevObjectVersion:   Dev-Core (375EC13C-06E4-48FB-B500-84F0262A717E): 4
LogDevObjectVersion:   Dev-Editor (E4B068ED-F494-42E9-A231-DA0B2E46BB41): 40
LogDevObjectVersion:   Dev-Framework (CFFC743F-43B0-4480-9391-14DF171D2073): 37
LogDevObjectVersion:   Dev-Mobile (B02B49B5-BB20-44E9-A304-32B752E40360): 3
LogDevObjectVersion:   Dev-Networking (A4E4105C-59A1-49B5-A7C5-40C4547EDFEE): 0
LogDevObjectVersion:   Dev-Online (39C831C9-5AE6-47DC-9A44-9C173E1C8E7C): 0
LogDevObjectVersion:   Dev-Physics (78F01B33-EBEA-4F98-B9B4-84EACCB95AA2): 14
LogDevObjectVersion:   Dev-Platform (6631380F-2D4D-43E0-8009-CF276956A95A): 0
LogDevObjectVersion:   Dev-Rendering (12F88B9F-8875-4AFC-A67C-D90C383ABD29): 45
LogDevObjectVersion:   Dev-Sequencer (7B5AE74C-D270-4C10-A958-57980B212A5A): 13
LogDevObjectVersion:   Dev-VR (D7296918-1DD6-4BDD-9DE2-64A83CC13884): 3
LogDevObjectVersion:   Dev-LoadTimes (C2A15278-BFE7-4AFE-6C17-90FF531DF755): 1
LogDevObjectVersion:   Private-Geometry (6EACA3D4-40EC-4CC1-B786-8BED09428FC5): 3
LogDevObjectVersion:   Dev-AnimPhys (29E575DD-E0A3-4627-9D10-D276232CDCEA): 17
LogDevObjectVersion:   Dev-Anim (AF43A65D-7FD3-4947-9873-3E8ED9C1BB05): 15
LogDevObjectVersion:   Dev-ReflectionCapture (6B266CEC-1EC7-4B8F-A30B-E4D90942FC07): 1
LogDevObjectVersion:   Dev-Automation (0DF73D61-A23F-47EA-B727-89E90C41499A): 1
LogDevObjectVersion:   FortniteMain (601D1886-AC64-4F84-AA16-D3DE0DEAC7D6): 47
LogDevObjectVersion:   FortniteRelease (E7086368-6B23-4C58-8439-1B7016265E91): 1
LogDevObjectVersion:   Dev-Enterprise (9DFFBCD6-494F-0158-E221-12823C92A888): 10
LogDevObjectVersion:   Dev-Niagara (F2AED0AC-9AFE-416F-8664-AA7FFA26D6FC): 1
LogDevObjectVersion:   Dev-Destruction (174F1F0B-B4C6-45A5-B13F-2EE8D0FB917D): 10
LogDevObjectVersion:   Dev-Physics-Ext (35F94A83-E258-406C-A318-09F59610247C): 41
LogDevObjectVersion:   Dev-PhysicsMaterial-Chaos (B68FC16E-8B1B-42E2-B453-215C058844FE): 1
LogDevObjectVersion:   Dev-CineCamera (B2E18506-4273-CFC2-A54E-F4BB758BBA07): 1
LogDevObjectVersion:   Dev-VirtualProduction (64F58936-FD1B-42BA-BA96-7289D5D0FA4E): 1
LogDevObjectVersion:   Dev-MediaFramework (6F0ED827-A609-4895-9C91-998D90180EA4): 2
LogInit: Presizing for max 25165824 objects, including 0 objects not considered by GC, pre-allocating 0 bytes for permanent pool.
LogConfig: Applying CVar settings from Section [/Script/Engine.StreamingSettings] File [G:/Assessment34BT/Assessment34BT/VehicleGame/Saved/Config/Windows/Engine.ini]
LogConfig: Setting CVar [[s.MinBulkDataSizeForAsyncLoading:131072]]
LogConfig: Setting CVar [[s.AsyncLoadingThreadEnabled:0]]
LogConfig: Setting CVar [[s.EventDrivenLoaderEnabled:1]]
LogConfig: Setting CVar [[s.WarnIfTimeLimitExceeded:0]]
LogConfig: Setting CVar [[s.TimeLimitExceededMultiplier:1.5]]
LogConfig: Setting CVar [[s.TimeLimitExceededMinTime:0.005]]
LogConfig: Setting CVar [[s.UseBackgroundLevelStreaming:1]]
LogConfig: Setting CVar [[s.PriorityAsyncLoadingExtraTime:15.0]]
LogConfig: Setting CVar [[s.LevelStreamingActorsUpdateTimeLimit:5.0]]
LogConfig: Setting CVar [[s.PriorityLevelStreamingActorsUpdateExtraTime:5.0]]
LogConfig: Setting CVar [[s.LevelStreamingComponentsRegistrationGranularity:10]]
LogConfig: Setting CVar [[s.UnregisterComponentsTimeLimit:1.0]]
LogConfig: Setting CVar [[s.LevelStreamingComponentsUnregistrationGranularity:5]]
LogConfig: Setting CVar [[s.FlushStreamingOnExit:1]]
LogInit: Object subsystem initialized
LogConfig: Setting CVar [[con.DebugEarlyDefault:1]]
LogConfig: Setting CVar [[r.setres:1280x720]]
[2024.10.24-08.41.07:091][  0]LogConfig: Setting CVar [[r.VSync:0]]
[2024.10.24-08.41.07:091][  0]LogConfig: Setting CVar [[r.RHICmdBypass:0]]
[2024.10.24-08.41.07:091][  0]LogConfig: Setting CVar [[r.setres:1280x1024]]
[2024.10.24-08.41.07:091][  0]LogConfig: Applying CVar settings from Section [/Script/Engine.RendererSettings] File [G:/Assessment34BT/Assessment34BT/VehicleGame/Saved/Config/Windows/Engine.ini]
[2024.10.24-08.41.07:092][  0]LogConfig: Setting CVar [[r.GPUCrashDebugging:0]]
[2024.10.24-08.41.07:092][  0]LogConfig: Setting CVar [[r.TonemapperFilm:0]]
[2024.10.24-08.41.07:092][  0]LogConfig: Applying CVar settings from Section [/Script/Engine.RendererOverrideSettings] File [G:/Assessment34BT/Assessment34BT/VehicleGame/Saved/Config/Windows/Engine.ini]
[2024.10.24-08.41.07:092][  0]LogConfig: Applying CVar settings from Section [/Script/Engine.StreamingSettings] File [G:/Assessment34BT/Assessment34BT/VehicleGame/Saved/Config/Windows/Engine.ini]
[2024.10.24-08.41.07:092][  0]LogConfig: Setting CVar [[s.MinBulkDataSizeForAsyncLoading:131072]]
[2024.10.24-08.41.07:092][  0]LogConfig: Setting CVar [[s.AsyncLoadingThreadEnabled:0]]
[2024.10.24-08.41.07:092][  0]LogConfig: Setting CVar [[s.EventDrivenLoaderEnabled:1]]
[2024.10.24-08.41.07:092][  0]LogConfig: Setting CVar [[s.WarnIfTimeLimitExceeded:0]]
[2024.10.24-08.41.07:092][  0]LogConfig: Setting CVar [[s.TimeLimitExceededMultiplier:1.5]]
[2024.10.24-08.41.07:092][  0]LogConfig: Setting CVar [[s.TimeLimitExceededMinTime:0.005]]
[2024.10.24-08.41.07:092][  0]LogConfig: Setting CVar [[s.UseBackgroundLevelStreaming:1]]
[2024.10.24-08.41.07:092][  0]LogConfig: Setting CVar [[s.PriorityAsyncLoadingExtraTime:15.0]]
[2024.10.24-08.41.07:092][  0]LogConfig: Setting CVar [[s.LevelStreamingActorsUpdateTimeLimit:5.0]]
[2024.10.24-08.41.07:092][  0]LogConfig: Setting CVar [[s.PriorityLevelStreamingActorsUpdateExtraTime:5.0]]
[2024.10.24-08.41.07:092][  0]LogConfig: Setting CVar [[s.LevelStreamingComponentsRegistrationGranularity:10]]
[2024.10.24-08.41.07:092][  0]LogConfig: Setting CVar [[s.UnregisterComponentsTimeLimit:1.0]]
[2024.10.24-08.41.07:092][  0]LogConfig: Setting CVar [[s.LevelStreamingComponentsUnregistrationGranularity:5]]
[2024.10.24-08.41.07:092][  0]LogConfig: Setting CVar [[s.FlushStreamingOnExit:1]]
[2024.10.24-08.41.07:092][  0]LogConfig: Applying CVar settings from Section [/Script/Engine.GarbageCollectionSettings] File [G:/Assessment34BT/Assessment34BT/VehicleGame/Saved/Config/Windows/Engine.ini]
[2024.10.24-08.41.07:092][  0]LogConfig: Setting CVar [[gc.MaxObjectsNotConsideredByGC:1]]
[2024.10.24-08.41.07:092][  0]LogConfig: Setting CVar [[gc.SizeOfPermanentObjectPool:0]]
[2024.10.24-08.41.07:092][  0]LogConfig: Setting CVar [[gc.FlushStreamingOnGC:0]]
[2024.10.24-08.41.07:092][  0]LogConfig: Setting CVar [[gc.NumRetriesBeforeForcingGC:10]]
[2024.10.24-08.41.07:092][  0]LogConfig: Setting CVar [[gc.AllowParallelGC:1]]
[2024.10.24-08.41.07:092][  0]LogConfig: Setting CVar [[gc.TimeBetweenPurgingPendingKillObjects:61.1]]
[2024.10.24-08.41.07:092][  0]LogConfig: Setting CVar [[gc.MaxObjectsInEditor:25165824]]
[2024.10.24-08.41.07:092][  0]LogConfig: Setting CVar [[gc.IncrementalBeginDestroyEnabled:1]]
[2024.10.24-08.41.07:092][  0]LogConfig: Setting CVar [[gc.CreateGCClusters:1]]
[2024.10.24-08.41.07:092][  0]LogConfig: Setting CVar [[gc.MinGCClusterSize:5]]
[2024.10.24-08.41.07:092][  0]LogConfig: Setting CVar [[gc.ActorClusteringEnabled:0]]
[2024.10.24-08.41.07:092][  0]LogConfig: Setting CVar [[gc.BlueprintClusteringEnabled:0]]
[2024.10.24-08.41.07:092][  0]LogConfig: Setting CVar [[gc.UseDisregardForGCOnDedicatedServers:0]]
[2024.10.24-08.41.07:092][  0]LogConfig: Setting CVar [[gc.MultithreadedDestructionEnabled:1]]
[2024.10.24-08.41.07:092][  0]LogConfig: Applying CVar settings from Section [/Script/Engine.NetworkSettings] File [G:/Assessment34BT/Assessment34BT/VehicleGame/Saved/Config/Windows/Engine.ini]
[2024.10.24-08.41.07:092][  0]LogConfig: Applying CVar settings from Section [/Script/UnrealEd.CookerSettings] File [G:/Assessment34BT/Assessment34BT/VehicleGame/Saved/Config/Windows/Engine.ini]
[2024.10.24-08.41.07:122][  0]LogConfig: Applying CVar settings from Section [ViewDistanceQuality@3] File [G:/Assessment34BT/Assessment34BT/VehicleGame/Saved/Config/Windows/Scalability.ini]
[2024.10.24-08.41.07:122][  0]LogConfig: Setting CVar [[r.SkeletalMeshLODBias:0]]
[2024.10.24-08.41.07:122][  0]LogConfig: Setting CVar [[r.ViewDistanceScale:1.0]]
[2024.10.24-08.41.07:122][  0]LogConfig: Applying CVar settings from Section [AntiAliasingQuality@3] File [G:/Assessment34BT/Assessment34BT/VehicleGame/Saved/Config/Windows/Scalability.ini]
[2024.10.24-08.41.07:122][  0]LogConfig: Setting CVar [[r.PostProcessAAQuality:4]]
[2024.10.24-08.41.07:122][  0]LogConfig: Applying CVar settings from Section [ShadowQuality@3] File [G:/Assessment34BT/Assessment34BT/VehicleGame/Saved/Config/Windows/Scalability.ini]
[2024.10.24-08.41.07:122][  0]LogConfig: Setting CVar [[r.LightFunctionQuality:1]]
[2024.10.24-08.41.07:122][  0]LogConfig: Setting CVar [[r.ShadowQuality:5]]
[2024.10.24-08.41.07:122][  0]LogConfig: Setting CVar [[r.Shadow.CSM.MaxCascades:10]]
[2024.10.24-08.41.07:122][  0]LogConfig: Setting CVar [[r.Shadow.MaxResolution:2048]]
[2024.10.24-08.41.07:122][  0]LogConfig: Setting CVar [[r.Shadow.MaxCSMResolution:2048]]
[2024.10.24-08.41.07:122][  0]LogConfig: Setting CVar [[r.Shadow.RadiusThreshold:0.01]]
[2024.10.24-08.41.07:122][  0]LogConfig: Setting CVar [[r.Shadow.DistanceScale:1.0]]
[2024.10.24-08.41.07:122][  0]LogConfig: Setting CVar [[r.Shadow.CSM.TransitionScale:1.0]]
[2024.10.24-08.41.07:122][  0]LogConfig: Setting CVar [[r.Shadow.PreShadowResolutionFactor:1.0]]
[2024.10.24-08.41.07:122][  0]LogConfig: Setting CVar [[r.DistanceFieldShadowing:1]]
[2024.10.24-08.41.07:122][  0]LogConfig: Setting CVar [[r.DistanceFieldAO:1]]
[2024.10.24-08.41.07:122][  0]LogConfig: Setting CVar [[r.AOQuality:2]]
[2024.10.24-08.41.07:122][  0]LogConfig: Setting CVar [[r.VolumetricFog:1]]
[2024.10.24-08.41.07:122][  0]LogConfig: Setting CVar [[r.VolumetricFog.GridPixelSize:8]]
[2024.10.24-08.41.07:122][  0]LogConfig: Setting CVar [[r.VolumetricFog.GridSizeZ:128]]
[2024.10.24-08.41.07:122][  0]LogConfig: Setting CVar [[r.VolumetricFog.HistoryMissSupersampleCount:4]]
[2024.10.24-08.41.07:122][  0]LogConfig: Setting CVar [[r.LightMaxDrawDistanceScale:1]]
[2024.10.24-08.41.07:122][  0]LogConfig: Setting CVar [[r.CapsuleShadows:1]]
[2024.10.24-08.41.07:122][  0]LogConfig: Applying CVar settings from Section [PostProcessQuality@3] File [G:/Assessment34BT/Assessment34BT/VehicleGame/Saved/Config/Windows/Scalability.ini]
[2024.10.24-08.41.07:122][  0]LogConfig: Setting CVar [[r.MotionBlurQuality:4]]
[2024.10.24-08.41.07:122][  0]LogConfig: Setting CVar [[r.AmbientOcclusionMipLevelFactor:0.4]]
[2024.10.24-08.41.07:122][  0]LogConfig: Setting CVar [[r.AmbientOcclusionMaxQuality:100]]
[2024.10.24-08.41.07:122][  0]LogConfig: Setting CVar [[r.AmbientOcclusionLevels:-1]]
[2024.10.24-08.41.07:122][  0]LogConfig: Setting CVar [[r.AmbientOcclusionRadiusScale:1.0]]
[2024.10.24-08.41.07:122][  0]LogConfig: Setting CVar [[r.DepthOfFieldQuality:2]]
[2024.10.24-08.41.07:122][  0]LogConfig: Setting CVar [[r.RenderTargetPoolMin:400]]
[2024.10.24-08.41.07:122][  0]LogConfig: Setting CVar [[r.LensFlareQuality:2]]
[2024.10.24-08.41.07:122][  0]LogConfig: Setting CVar [[r.SceneColorFringeQuality:1]]
[2024.10.24-08.41.07:122][  0]LogConfig: Setting CVar [[r.EyeAdaptationQuality:2]]
[2024.10.24-08.41.07:122][  0]LogConfig: Setting CVar [[r.BloomQuality:5]]
[2024.10.24-08.41.07:122][  0]LogConfig: Setting CVar [[r.FastBlurThreshold:100]]
[2024.10.24-08.41.07:122][  0]LogConfig: Setting CVar [[r.Upscale.Quality:3]]
[2024.10.24-08.41.07:122][  0]LogConfig: Setting CVar [[r.Tonemapper.GrainQuantization:1]]
[2024.10.24-08.41.07:122][  0]LogConfig: Setting CVar [[r.LightShaftQuality:1]]
[2024.10.24-08.41.07:122][  0]LogConfig: Setting CVar [[r.Filter.SizeScale:1]]
[2024.10.24-08.41.07:122][  0]LogConfig: Setting CVar [[r.Tonemapper.Quality:5]]
[2024.10.24-08.41.07:122][  0]LogConfig: Setting CVar [[r.DOF.Gather.AccumulatorQuality:1        ; higher gathering accumulator quality]]
[2024.10.24-08.41.07:122][  0]LogConfig: Setting CVar [[r.DOF.Gather.PostfilterMethod:1          ; Median3x3 postfilering method]]
[2024.10.24-08.41.07:122][  0]LogConfig: Setting CVar [[r.DOF.Gather.EnableBokehSettings:0       ; no bokeh simulation when gathering]]
[2024.10.24-08.41.07:122][  0]LogConfig: Setting CVar [[r.DOF.Gather.RingCount:4                 ; medium number of samples when gathering]]
[2024.10.24-08.41.07:122][  0]LogConfig: Setting CVar [[r.DOF.Scatter.ForegroundCompositing:1    ; additive foreground scattering]]
[2024.10.24-08.41.07:122][  0]LogConfig: Setting CVar [[r.DOF.Scatter.BackgroundCompositing:2    ; additive background scattering]]
[2024.10.24-08.41.07:122][  0]LogConfig: Setting CVar [[r.DOF.Scatter.EnableBokehSettings:1      ; bokeh simulation when scattering]]
[2024.10.24-08.41.07:122][  0]LogConfig: Setting CVar [[r.DOF.Scatter.MaxSpriteRatio:0.1         ; only a maximum of 10% of scattered bokeh]]
[2024.10.24-08.41.07:122][  0]LogConfig: Setting CVar [[r.DOF.Recombine.Quality:1                ; cheap slight out of focus]]
[2024.10.24-08.41.07:122][  0]LogConfig: Setting CVar [[r.DOF.Recombine.EnableBokehSettings:0    ; no bokeh simulation on slight out of focus]]
[2024.10.24-08.41.07:122][  0]LogConfig: Setting CVar [[r.DOF.TemporalAAQuality:1                ; more stable temporal accumulation]]
[2024.10.24-08.41.07:122][  0]LogConfig: Setting CVar [[r.DOF.Kernel.MaxForegroundRadius:0.025]]
[2024.10.24-08.41.07:122][  0]LogConfig: Setting CVar [[r.DOF.Kernel.MaxBackgroundRadius:0.025]]
[2024.10.24-08.41.07:122][  0]LogConfig: Applying CVar settings from Section [TextureQuality@3] File [G:/Assessment34BT/Assessment34BT/VehicleGame/Saved/Config/Windows/Scalability.ini]
[2024.10.24-08.41.07:122][  0]LogConfig: Setting CVar [[r.Streaming.MipBias:0]]
[2024.10.24-08.41.07:122][  0]LogConfig: Setting CVar [[r.Streaming.AmortizeCPUToGPUCopy:0]]
[2024.10.24-08.41.07:122][  0]LogConfig: Setting CVar [[r.Streaming.MaxNumTexturesToStreamPerFrame:0]]
[2024.10.24-08.41.07:122][  0]LogConfig: Setting CVar [[r.Streaming.Boost:1]]
[2024.10.24-08.41.07:122][  0]LogConfig: Setting CVar [[r.MaxAnisotropy:8]]
[2024.10.24-08.41.07:122][  0]LogConfig: Setting CVar [[r.VT.MaxAnisotropy:8]]
[2024.10.24-08.41.07:122][  0]LogConfig: Setting CVar [[r.Streaming.LimitPoolSizeToVRAM:0]]
[2024.10.24-08.41.07:123][  0]LogConfig: Setting CVar [[r.Streaming.PoolSize:1000]]
[2024.10.24-08.41.07:123][  0]LogConfig: Setting CVar [[r.Streaming.MaxEffectiveScreenSize:0]]
[2024.10.24-08.41.07:123][  0]LogConfig: Applying CVar settings from Section [EffectsQuality@3] File [G:/Assessment34BT/Assessment34BT/VehicleGame/Saved/Config/Windows/Scalability.ini]
[2024.10.24-08.41.07:123][  0]LogConfig: Setting CVar [[r.TranslucencyLightingVolumeDim:64]]
[2024.10.24-08.41.07:123][  0]LogConfig: Setting CVar [[r.RefractionQuality:2]]
[2024.10.24-08.41.07:123][  0]LogConfig: Setting CVar [[r.SSR.Quality:3]]
[2024.10.24-08.41.07:123][  0]LogConfig: Setting CVar [[r.SSR.HalfResSceneColor:0]]
[2024.10.24-08.41.07:123][  0]LogConfig: Setting CVar [[r.SceneColorFormat:4]]
[2024.10.24-08.41.07:123][  0]LogConfig: Setting CVar [[r.DetailMode:2]]
[2024.10.24-08.41.07:123][  0]LogConfig: Setting CVar [[r.TranslucencyVolumeBlur:1]]
[2024.10.24-08.41.07:123][  0]LogConfig: Setting CVar [[r.MaterialQualityLevel:1 ; High quality]]
[2024.10.24-08.41.07:123][  0]LogConfig: Setting CVar [[r.AnisotropicMaterials:1]]
[2024.10.24-08.41.07:123][  0]LogConfig: Setting CVar [[r.SSS.Scale:1]]
[2024.10.24-08.41.07:123][  0]LogConfig: Setting CVar [[r.SSS.SampleSet:2]]
[2024.10.24-08.41.07:123][  0]LogConfig: Setting CVar [[r.SSS.Quality:1]]
[2024.10.24-08.41.07:123][  0]LogConfig: Setting CVar [[r.SSS.HalfRes:0]]
[2024.10.24-08.41.07:123][  0]LogConfig: Setting CVar [[r.SSGI.Quality:3]]
[2024.10.24-08.41.07:123][  0]LogConfig: Setting CVar [[r.EmitterSpawnRateScale:1.0]]
[2024.10.24-08.41.07:123][  0]LogConfig: Setting CVar [[r.ParticleLightQuality:2]]
[2024.10.24-08.41.07:123][  0]LogConfig: Setting CVar [[r.SkyAtmosphere.AerialPerspectiveLUT.FastApplyOnOpaque:1 ; Always have FastSkyLUT 1 in this case to avoid wrong sky]]
[2024.10.24-08.41.07:123][  0]LogConfig: Setting CVar [[r.SkyAtmosphere.AerialPerspectiveLUT.SampleCountMaxPerSlice:4]]
[2024.10.24-08.41.07:123][  0]LogConfig: Setting CVar [[r.SkyAtmosphere.AerialPerspectiveLUT.DepthResolution:16.0]]
[2024.10.24-08.41.07:123][  0]LogConfig: Setting CVar [[r.SkyAtmosphere.FastSkyLUT:1]]
[2024.10.24-08.41.07:123][  0]LogConfig: Setting CVar [[r.SkyAtmosphere.FastSkyLUT.SampleCountMin:4.0]]
[2024.10.24-08.41.07:123][  0]LogConfig: Setting CVar [[r.SkyAtmosphere.FastSkyLUT.SampleCountMax:128.0]]
[2024.10.24-08.41.07:123][  0]LogConfig: Setting CVar [[r.SkyAtmosphere.SampleCountMin:4.0]]
[2024.10.24-08.41.07:123][  0]LogConfig: Setting CVar [[r.SkyAtmosphere.SampleCountMax:128.0]]
[2024.10.24-08.41.07:123][  0]LogConfig: Setting CVar [[r.SkyAtmosphere.TransmittanceLUT.UseSmallFormat:0]]
[2024.10.24-08.41.07:123][  0]LogConfig: Setting CVar [[r.SkyAtmosphere.TransmittanceLUT.SampleCount:10.0]]
[2024.10.24-08.41.07:123][  0]LogConfig: Setting CVar [[r.SkyAtmosphere.MultiScatteringLUT.SampleCount:15.0]]
[2024.10.24-08.41.07:123][  0]LogConfig: Setting CVar [[r.SkyLight.RealTimeReflectionCapture:1]]
[2024.10.24-08.41.07:123][  0]LogConfig: Applying CVar settings from Section [FoliageQuality@3] File [G:/Assessment34BT/Assessment34BT/VehicleGame/Saved/Config/Windows/Scalability.ini]
[2024.10.24-08.41.07:123][  0]LogConfig: Setting CVar [[foliage.DensityScale:1.0]]
[2024.10.24-08.41.07:123][  0]LogConfig: Setting CVar [[grass.DensityScale:1.0]]
[2024.10.24-08.41.07:123][  0]LogConfig: Applying CVar settings from Section [ShadingQuality@3] File [G:/Assessment34BT/Assessment34BT/VehicleGame/Saved/Config/Windows/Scalability.ini]
[2024.10.24-08.41.07:123][  0]LogConfig: Setting CVar [[r.HairStrands.SkyLighting.IntegrationType:2]]
[2024.10.24-08.41.07:123][  0]LogConfig: Setting CVar [[r.HairStrands.SkyAO.SampleCount:4]]
[2024.10.24-08.41.07:123][  0]LogConfig: Setting CVar [[r.HairStrands.Visibility.MSAA.SamplePerPixel:4]]
[2024.10.24-08.41.07:123][  0]LogInit: Selected Device Profile: [Windows]
[2024.10.24-08.41.07:123][  0]LogInit: Applying CVar settings loaded from the selected device profile: [Windows]
[2024.10.24-08.41.07:123][  0]LogHAL: Display: Platform has ~ 16 GB [17135468544 / 17179869184 / 16], which maps to Larger [LargestMinGB=32, LargerMinGB=12, DefaultMinGB=8, SmallerMinGB=6, SmallestMinGB=0)
[2024.10.24-08.41.07:127][  0]LogInit: Going up to parent DeviceProfile []
[2024.10.24-08.41.07:127][  0]LogConfig: Applying CVar settings from Section [ViewDistanceQuality@0] File [G:/Assessment34BT/Assessment34BT/VehicleGame/Saved/Config/Windows/Scalability.ini]
[2024.10.24-08.41.07:127][  0]LogConfig: Setting CVar [[r.SkeletalMeshLODBias:2]]
[2024.10.24-08.41.07:127][  0]LogConfig: Setting CVar [[r.ViewDistanceScale:0.4]]
[2024.10.24-08.41.07:127][  0]LogConfig: Applying CVar settings from Section [AntiAliasingQuality@0] File [G:/Assessment34BT/Assessment34BT/VehicleGame/Saved/Config/Windows/Scalability.ini]
[2024.10.24-08.41.07:127][  0]LogConfig: Setting CVar [[r.PostProcessAAQuality:0]]
[2024.10.24-08.41.07:127][  0]LogConfig: Applying CVar settings from Section [ShadowQuality@0] File [G:/Assessment34BT/Assessment34BT/VehicleGame/Saved/Config/Windows/Scalability.ini]
[2024.10.24-08.41.07:127][  0]LogConfig: Setting CVar [[r.LightFunctionQuality:0]]
[2024.10.24-08.41.07:127][  0]LogConfig: Setting CVar [[r.ShadowQuality:0]]
[2024.10.24-08.41.07:127][  0]LogConfig: Setting CVar [[r.Shadow.CSM.MaxCascades:1]]
[2024.10.24-08.41.07:127][  0]LogConfig: Setting CVar [[r.Shadow.MaxResolution:512]]
[2024.10.24-08.41.07:127][  0]LogConfig: Setting CVar [[r.Shadow.MaxCSMResolution:512]]
[2024.10.24-08.41.07:127][  0]LogConfig: Setting CVar [[r.Shadow.RadiusThreshold:0.06]]
[2024.10.24-08.41.07:127][  0]LogConfig: Setting CVar [[r.Shadow.DistanceScale:0.6]]
[2024.10.24-08.41.07:127][  0]LogConfig: Setting CVar [[r.Shadow.CSM.TransitionScale:0]]
[2024.10.24-08.41.07:127][  0]LogConfig: Setting CVar [[r.Shadow.PreShadowResolutionFactor:0.5]]
[2024.10.24-08.41.07:127][  0]LogConfig: Setting CVar [[r.DistanceFieldShadowing:0]]
[2024.10.24-08.41.07:127][  0]LogConfig: Setting CVar [[r.DistanceFieldAO:0]]
[2024.10.24-08.41.07:127][  0]LogConfig: Setting CVar [[r.VolumetricFog:0]]
[2024.10.24-08.41.07:127][  0]LogConfig: Setting CVar [[r.LightMaxDrawDistanceScale:0]]
[2024.10.24-08.41.07:127][  0]LogConfig: Setting CVar [[r.CapsuleShadows:0]]
[2024.10.24-08.41.07:127][  0]LogConfig: Applying CVar settings from Section [PostProcessQuality@0] File [G:/Assessment34BT/Assessment34BT/VehicleGame/Saved/Config/Windows/Scalability.ini]
[2024.10.24-08.41.07:127][  0]LogConfig: Setting CVar [[r.MotionBlurQuality:0]]
[2024.10.24-08.41.07:127][  0]LogConfig: Setting CVar [[r.AmbientOcclusionMipLevelFactor:1.0]]
[2024.10.24-08.41.07:127][  0]LogConfig: Setting CVar [[r.AmbientOcclusionMaxQuality:0]]
[2024.10.24-08.41.07:127][  0]LogConfig: Setting CVar [[r.AmbientOcclusionLevels:0]]
[2024.10.24-08.41.07:127][  0]LogConfig: Setting CVar [[r.AmbientOcclusionRadiusScale:1.2]]
[2024.10.24-08.41.07:127][  0]LogConfig: Setting CVar [[r.DepthOfFieldQuality:0]]
[2024.10.24-08.41.07:127][  0]LogConfig: Setting CVar [[r.RenderTargetPoolMin:300]]
[2024.10.24-08.41.07:127][  0]LogConfig: Setting CVar [[r.LensFlareQuality:0]]
[2024.10.24-08.41.07:127][  0]LogConfig: Setting CVar [[r.SceneColorFringeQuality:0]]
[2024.10.24-08.41.07:127][  0]LogConfig: Setting CVar [[r.EyeAdaptationQuality:2]]
[2024.10.24-08.41.07:127][  0]LogConfig: Setting CVar [[r.BloomQuality:4]]
[2024.10.24-08.41.07:127][  0]LogConfig: Setting CVar [[r.FastBlurThreshold:0]]
[2024.10.24-08.41.07:127][  0]LogConfig: Setting CVar [[r.Upscale.Quality:1]]
[2024.10.24-08.41.07:127][  0]LogConfig: Setting CVar [[r.Tonemapper.GrainQuantization:0]]
[2024.10.24-08.41.07:127][  0]LogConfig: Setting CVar [[r.LightShaftQuality:0]]
[2024.10.24-08.41.07:127][  0]LogConfig: Setting CVar [[r.Filter.SizeScale:0.6]]
[2024.10.24-08.41.07:127][  0]LogConfig: Setting CVar [[r.Tonemapper.Quality:0]]
[2024.10.24-08.41.07:127][  0]LogConfig: Applying CVar settings from Section [TextureQuality@0] File [G:/Assessment34BT/Assessment34BT/VehicleGame/Saved/Config/Windows/Scalability.ini]
[2024.10.24-08.41.07:127][  0]LogConfig: Setting CVar [[r.Streaming.MipBias:16]]
[2024.10.24-08.41.07:127][  0]LogConfig: Setting CVar [[r.Streaming.AmortizeCPUToGPUCopy:1]]
[2024.10.24-08.41.07:127][  0]LogConfig: Setting CVar [[r.Streaming.MaxNumTexturesToStreamPerFrame:1]]
[2024.10.24-08.41.07:127][  0]LogConfig: Setting CVar [[r.Streaming.Boost:0.3]]
[2024.10.24-08.41.07:127][  0]LogConfig: Setting CVar [[r.MaxAnisotropy:0]]
[2024.10.24-08.41.07:127][  0]LogConfig: Setting CVar [[r.VT.MaxAnisotropy:4]]
[2024.10.24-08.41.07:127][  0]LogConfig: Setting CVar [[r.Streaming.LimitPoolSizeToVRAM:1]]
[2024.10.24-08.41.07:127][  0]LogConfig: Setting CVar [[r.Streaming.PoolSize:400]]
[2024.10.24-08.41.07:127][  0]LogConfig: Setting CVar [[r.Streaming.MaxEffectiveScreenSize:0]]
[2024.10.24-08.41.07:127][  0]LogConfig: Applying CVar settings from Section [EffectsQuality@0] File [G:/Assessment34BT/Assessment34BT/VehicleGame/Saved/Config/Windows/Scalability.ini]
[2024.10.24-08.41.07:127][  0]LogConfig: Setting CVar [[r.TranslucencyLightingVolumeDim:24]]
[2024.10.24-08.41.07:127][  0]LogConfig: Setting CVar [[r.RefractionQuality:0]]
[2024.10.24-08.41.07:127][  0]LogConfig: Setting CVar [[r.SSR.Quality:0]]
[2024.10.24-08.41.07:127][  0]LogConfig: Setting CVar [[r.SSR.HalfResSceneColor:1]]
[2024.10.24-08.41.07:127][  0]LogConfig: Setting CVar [[r.SceneColorFormat:3]]
[2024.10.24-08.41.07:127][  0]LogConfig: Setting CVar [[r.DetailMode:0]]
[2024.10.24-08.41.07:127][  0]LogConfig: Setting CVar [[r.TranslucencyVolumeBlur:0]]
[2024.10.24-08.41.07:127][  0]LogConfig: Setting CVar [[r.MaterialQualityLevel:0 ; Low quality]]
[2024.10.24-08.41.07:127][  0]LogConfig: Setting CVar [[r.AnisotropicMaterials:0]]
[2024.10.24-08.41.07:127][  0]LogConfig: Setting CVar [[r.SSS.Scale:0]]
[2024.10.24-08.41.07:127][  0]LogConfig: Setting CVar [[r.SSS.SampleSet:0]]
[2024.10.24-08.41.07:127][  0]LogConfig: Setting CVar [[r.SSS.Quality:0]]
[2024.10.24-08.41.07:127][  0]LogConfig: Setting CVar [[r.SSS.HalfRes:1]]
[2024.10.24-08.41.07:127][  0]LogConfig: Setting CVar [[r.SSGI.Quality:0]]
[2024.10.24-08.41.07:127][  0]LogConfig: Setting CVar [[r.EmitterSpawnRateScale:0.125]]
[2024.10.24-08.41.07:127][  0]LogConfig: Setting CVar [[r.ParticleLightQuality:0]]
[2024.10.24-08.41.07:127][  0]LogConfig: Setting CVar [[r.SkyAtmosphere.AerialPerspectiveLUT.FastApplyOnOpaque:1 ; Always have FastSkyLUT 1 in this case to avoid wrong sky]]
[2024.10.24-08.41.07:127][  0]LogConfig: Setting CVar [[r.SkyAtmosphere.AerialPerspectiveLUT.SampleCountMaxPerSlice:1]]
[2024.10.24-08.41.07:127][  0]LogConfig: Setting CVar [[r.SkyAtmosphere.AerialPerspectiveLUT.DepthResolution:8.0]]
[2024.10.24-08.41.07:127][  0]LogConfig: Setting CVar [[r.SkyAtmosphere.FastSkyLUT:1]]
[2024.10.24-08.41.07:127][  0]LogConfig: Setting CVar [[r.SkyAtmosphere.FastSkyLUT.SampleCountMin:2.0]]
[2024.10.24-08.41.07:127][  0]LogConfig: Setting CVar [[r.SkyAtmosphere.FastSkyLUT.SampleCountMax:16.0]]
[2024.10.24-08.41.07:127][  0]LogConfig: Setting CVar [[r.SkyAtmosphere.SampleCountMin:2.0]]
[2024.10.24-08.41.07:127][  0]LogConfig: Setting CVar [[r.SkyAtmosphere.SampleCountMax:16.0]]
[2024.10.24-08.41.07:127][  0]LogConfig: Setting CVar [[r.SkyAtmosphere.TransmittanceLUT.UseSmallFormat:1]]
[2024.10.24-08.41.07:128][  0]LogConfig: Setting CVar [[r.SkyAtmosphere.TransmittanceLUT.SampleCount:10.0]]
[2024.10.24-08.41.07:128][  0]LogConfig: Setting CVar [[r.SkyAtmosphere.MultiScatteringLUT.SampleCount:15.0]]
[2024.10.24-08.41.07:128][  0]LogConfig: Setting CVar [[r.SkyLight.RealTimeReflectionCapture:0]]
[2024.10.24-08.41.07:128][  0]LogConfig: Applying CVar settings from Section [FoliageQuality@0] File [G:/Assessment34BT/Assessment34BT/VehicleGame/Saved/Config/Windows/Scalability.ini]
[2024.10.24-08.41.07:128][  0]LogConfig: Setting CVar [[foliage.DensityScale:0]]
[2024.10.24-08.41.07:128][  0]LogConfig: Setting CVar [[grass.DensityScale:0]]
[2024.10.24-08.41.07:128][  0]LogConfig: Applying CVar settings from Section [ShadingQuality@0] File [G:/Assessment34BT/Assessment34BT/VehicleGame/Saved/Config/Windows/Scalability.ini]
[2024.10.24-08.41.07:128][  0]LogConfig: Setting CVar [[r.HairStrands.SkyLighting.IntegrationType:2]]
[2024.10.24-08.41.07:128][  0]LogConfig: Setting CVar [[r.HairStrands.SkyAO.SampleCount:4]]
[2024.10.24-08.41.07:128][  0]LogConfig: Setting CVar [[r.HairStrands.Visibility.MSAA.SamplePerPixel:1]]
[2024.10.24-08.41.07:128][  0]LogConfig: Applying CVar settings from Section [Startup] File [../../../Engine/Config/ConsoleVariables.ini]
[2024.10.24-08.41.07:135][  0]LogConfig: Setting CVar [[net.UseAdaptiveNetUpdateFrequency:0]]
[2024.10.24-08.41.07:135][  0]LogConfig: Setting CVar [[p.chaos.AllowCreatePhysxBodies:1]]
[2024.10.24-08.41.07:135][  0]LogConfig: Setting CVar [[fx.SkipVectorVMBackendOptimizations:1]]
[2024.10.24-08.41.07:136][  0]LogConfig: Applying CVar settings from Section [ConsoleVariables] File [G:/Assessment34BT/Assessment34BT/VehicleGame/Saved/Config/Windows/Engine.ini]
[2024.10.24-08.41.07:136][  0]LogConfig: Applying CVar settings from Section [ConsoleVariables] File [G:/Assessment34BT/Assessment34BT/VehicleGame/Saved/Config/Windows/Editor.ini]
[2024.10.24-08.41.07:183][  0]LogInit: Computer: DESKTOP-V3RD9DI
[2024.10.24-08.41.07:183][  0]LogInit: User: Davide
[2024.10.24-08.41.07:183][  0]LogInit: CPU Page size=4096, Cores=4
[2024.10.24-08.41.07:183][  0]LogInit: High frequency timer resolution =10.000000 MHz
[2024.10.24-08.41.07:183][  0]LogMemory: Memory total: Physical=16.0GB (16GB approx)
[2024.10.24-08.41.07:183][  0]LogMemory: Platform Memory Stats for Windows
[2024.10.24-08.41.07:183][  0]LogMemory: Process Physical Memory: 144.89 MB used, 147.39 MB peak
[2024.10.24-08.41.07:183][  0]LogMemory: Process Virtual Memory: 115.41 MB used, 115.41 MB peak
[2024.10.24-08.41.07:183][  0]LogMemory: Physical Memory: 10253.21 MB used,  6088.45 MB free, 16341.66 MB total
[2024.10.24-08.41.07:183][  0]LogMemory: Virtual Memory: 134206336.00 MB used,  11393.29 MB free, 134217728.00 MB total
[2024.10.24-08.41.07:191][  0]LogWindows: WindowsPlatformFeatures enabled
[2024.10.24-08.41.08:299][  0]LogInit: Physics initialised using underlying interface: PhysX
[2024.10.24-08.41.08:362][  0]LogInit: Using OS detected language (en-US).
[2024.10.24-08.41.08:362][  0]LogInit: Using OS detected locale (en-US).
[2024.10.24-08.41.08:508][  0]LogTextLocalizationManager: No specific localization for 'en-US' exists, so the 'en' localization will be used.
[2024.10.24-08.41.09:250][  0]LogInit: Setting process to per monitor DPI aware
[2024.10.24-08.41.09:466][  0]LogWindowsTextInputMethodSystem: Display: IME system deactivated.
[2024.10.24-08.41.09:838][  0]LogSlate: New Slate User Created.  User Index 0, Is Virtual User: 0
[2024.10.24-08.41.09:838][  0]LogSlate: Slate User Registered.  User Index 0, Is Virtual User: 0
[2024.10.24-08.41.11:638][  0]LogD3D11RHI: Loaded GFSDK_Aftermath_Lib.x64.dll
[2024.10.24-08.41.11:680][  0]LogHMD: Failed to initialize OpenVR with code 101
[2024.10.24-08.41.11:702][  0]LogD3D11RHI: D3D11 min allowed feature level: 11_0
[2024.10.24-08.41.11:702][  0]LogD3D11RHI: D3D11 max allowed feature level: 11_0
[2024.10.24-08.41.11:702][  0]LogD3D11RHI: D3D11 adapters:
[2024.10.24-08.41.11:957][  0]LogD3D11RHI:    0. 'NVIDIA GeForce GTX 1060 3GB' (Feature Level 11_0)
[2024.10.24-08.41.11:981][  0]LogD3D11RHI:       2965/0/8170 MB DedicatedVideo/DedicatedSystem/SharedSystem, Outputs:1, VendorId:0x10de
[2024.10.24-08.41.11:983][  0]LogD3D11RHI:    1. 'Microsoft Basic Render Driver' (Feature Level 11_0)
[2024.10.24-08.41.11:983][  0]LogD3D11RHI:       0/0/8170 MB DedicatedVideo/DedicatedSystem/SharedSystem, Outputs:0, VendorId:0x1414
[2024.10.24-08.41.12:095][  0]LogD3D11RHI:    2. 'NVIDIA GeForce GTX 1060 3GB' (Feature Level 11_0)
[2024.10.24-08.41.12:095][  0]LogD3D11RHI:       2965/0/8170 MB DedicatedVideo/DedicatedSystem/SharedSystem, Outputs:0, VendorId:0x10de
[2024.10.24-08.41.12:095][  0]LogD3D11RHI: Chosen D3D11 Adapter:
[2024.10.24-08.41.12:095][  0]LogD3D11RHI:     Description : NVIDIA GeForce GTX 1060 3GB
[2024.10.24-08.41.12:095][  0]LogD3D11RHI:     VendorId    : 10de
[2024.10.24-08.41.12:095][  0]LogD3D11RHI:     DeviceId    : 1c02
[2024.10.24-08.41.12:095][  0]LogD3D11RHI:     SubSysId    : 243819da
[2024.10.24-08.41.12:095][  0]LogD3D11RHI:     Revision    : 00a1
[2024.10.24-08.41.12:095][  0]LogD3D11RHI:     DedicatedVideoMemory : 3109027840 bytes
[2024.10.24-08.41.12:095][  0]LogD3D11RHI:     DedicatedSystemMemory : 0 bytes
[2024.10.24-08.41.12:095][  0]LogD3D11RHI:     SharedSystemMemory : 8567734272 bytes
[2024.10.24-08.41.12:095][  0]LogD3D11RHI:     AdapterLuid : 0 49059
[2024.10.24-08.41.12:103][  0]LogD3D11RHI: Creating new Direct3DDevice
[2024.10.24-08.41.12:103][  0]LogD3D11RHI:     GPU DeviceId: 0x1c02 (for the marketing name, search the web for "GPU Device Id")
[2024.10.24-08.41.12:103][  0]LogWindows: EnumDisplayDevices:
[2024.10.24-08.41.12:103][  0]LogWindows:    0. 'NVIDIA GeForce GTX 1060 3GB' (P:1 D:1)
[2024.10.24-08.41.12:103][  0]LogWindows:    1. 'NVIDIA GeForce GTX 1060 3GB' (P:0 D:0)
[2024.10.24-08.41.12:104][  0]LogWindows:    2. 'NVIDIA GeForce GTX 1060 3GB' (P:0 D:0)
[2024.10.24-08.41.12:104][  0]LogWindows:    3. 'NVIDIA GeForce GTX 1060 3GB' (P:0 D:0)
[2024.10.24-08.41.12:104][  0]LogWindows:    4. 'Citrix Indirect Display Adapter' (P:0 D:0)
[2024.10.24-08.41.12:104][  0]LogWindows:    5. 'Citrix Indirect Display Adapter' (P:0 D:0)
[2024.10.24-08.41.12:105][  0]LogWindows:    6. 'Citrix Indirect Display Adapter' (P:0 D:0)
[2024.10.24-08.41.12:105][  0]LogWindows:    7. 'Citrix Indirect Display Adapter' (P:0 D:0)
[2024.10.24-08.41.12:105][  0]LogWindows:    8. 'Citrix Indirect Display Adapter' (P:0 D:0)
[2024.10.24-08.41.12:106][  0]LogWindows:    9. 'Citrix Indirect Display Adapter' (P:0 D:0)
[2024.10.24-08.41.12:106][  0]LogWindows:    10. 'Citrix Indirect Display Adapter' (P:0 D:0)
[2024.10.24-08.41.12:106][  0]LogWindows:    11. 'Citrix Indirect Display Adapter' (P:0 D:0)
[2024.10.24-08.41.12:107][  0]LogWindows: DebugString: GetVideoDriverDetailsInvalid PrimaryIsNotTheChoosenAdapter GetVideoDriverDetailsInvalid PrimaryIsNotTheChoosenAdapter GetVideoDriverDetailsInvalid PrimaryIsNotTheChoosenAdapter GetVideoDriverDetailsInvalid PrimaryIsNotTheChoosenAdapter GetVideoDriverDetailsInvalid PrimaryIsNotTheChoosenAdapter GetVideoDriverDetailsInvalid PrimaryIsNotTheChoosenAdapter GetVideoDriverDetailsInvalid PrimaryIsNotTheChoosenAdapter GetVideoDriverDetailsInvalid PrimaryIsNotTheChoosenAdapter FoundDriverCount:4 
[2024.10.24-08.41.12:107][  0]LogD3D11RHI:     Adapter Name: NVIDIA GeForce GTX 1060 3GB
[2024.10.24-08.41.12:107][  0]LogD3D11RHI:   Driver Version: 560.94 (internal:32.0.15.6094, unified:560.94)
[2024.10.24-08.41.12:107][  0]LogD3D11RHI:      Driver Date: 8-14-2024
[2024.10.24-08.41.12:107][  0]LogRHI: Texture pool is 2075 MB (70% of 2965 MB)
[2024.10.24-08.41.12:136][  0]LogD3D11RHI: Creating D3DDevice using adapter:
[2024.10.24-08.41.12:136][  0]LogD3D11RHI:     Description : NVIDIA GeForce GTX 1060 3GB
[2024.10.24-08.41.12:136][  0]LogD3D11RHI:     VendorId    : 10de
[2024.10.24-08.41.12:136][  0]LogD3D11RHI:     DeviceId    : 1c02
[2024.10.24-08.41.12:136][  0]LogD3D11RHI:     SubSysId    : 243819da
[2024.10.24-08.41.12:136][  0]LogD3D11RHI:     Revision    : 00a1
[2024.10.24-08.41.12:136][  0]LogD3D11RHI:     DedicatedVideoMemory : 3109027840 bytes
[2024.10.24-08.41.12:136][  0]LogD3D11RHI:     DedicatedSystemMemory : 0 bytes
[2024.10.24-08.41.12:136][  0]LogD3D11RHI:     SharedSystemMemory : 8567734272 bytes
[2024.10.24-08.41.12:136][  0]LogD3D11RHI:     AdapterLuid : 0 49059
[2024.10.24-08.41.12:261][  0]LogD3D11RHI: RHI has support for 64 bit atomics
[2024.10.24-08.41.12:262][  0]LogD3D11RHI: Async texture creation enabled
[2024.10.24-08.41.12:262][  0]LogD3D11RHI: Array index from any shader is supported
[2024.10.24-08.41.12:264][  0]LogD3D11RHI: HDR output is supported on display 0 (NvId: 0x80061080).
[2024.10.24-08.41.12:622][  0]LogD3D11RHI: GPU Timing Frequency: 1000.000000 (Debug: 2 1)
[2024.10.24-08.41.12:905][  0]LogRHI: GeForceNow SDK initialized: 1
[2024.10.24-08.41.14:209][  0]LogTargetPlatformManager: Display: Loaded TargetPlatform 'AllDesktop'
[2024.10.24-08.41.14:256][  0]LogTargetPlatformManager: Display: Loaded TargetPlatform 'Android'
[2024.10.24-08.41.14:256][  0]LogTargetPlatformManager: Display: Loaded TargetPlatform 'Android_ASTC'
[2024.10.24-08.41.14:256][  0]LogTargetPlatformManager: Display: Loaded TargetPlatform 'Android_DXT'
[2024.10.24-08.41.14:256][  0]LogTargetPlatformManager: Display: Loaded TargetPlatform 'Android_ETC2'
[2024.10.24-08.41.14:256][  0]LogTargetPlatformManager: Display: Loaded TargetPlatform 'AndroidClient'
[2024.10.24-08.41.14:256][  0]LogTargetPlatformManager: Display: Loaded TargetPlatform 'Android_ASTCClient'
[2024.10.24-08.41.14:256][  0]LogTargetPlatformManager: Display: Loaded TargetPlatform 'Android_DXTClient'
[2024.10.24-08.41.14:256][  0]LogTargetPlatformManager: Display: Loaded TargetPlatform 'Android_ETC2Client'
[2024.10.24-08.41.14:256][  0]LogTargetPlatformManager: Display: Loaded TargetPlatform 'Android_Multi'
[2024.10.24-08.41.14:256][  0]LogTargetPlatformManager: Display: Loaded TargetPlatform 'Android_MultiClient'
[2024.10.24-08.41.14:336][  0]LogTargetPlatformManager: Display: Loaded TargetPlatform 'IOSClient'
[2024.10.24-08.41.14:336][  0]LogTargetPlatformManager: Display: Loaded TargetPlatform 'IOS'
[2024.10.24-08.41.14:380][  0]LogTargetPlatformManager: Display: Loaded TargetPlatform 'Linux'
[2024.10.24-08.41.14:410][  0]LogTargetPlatformManager: Display: Loaded TargetPlatform 'LinuxNoEditor'
[2024.10.24-08.41.14:425][  0]LogTargetPlatformManager: Display: Loaded TargetPlatform 'LinuxClient'
[2024.10.24-08.41.14:440][  0]LogTargetPlatformManager: Display: Loaded TargetPlatform 'LinuxServer'
[2024.10.24-08.41.14:489][  0]LogTargetPlatformManager: Display: Loaded TargetPlatform 'LinuxAArch64NoEditor'
[2024.10.24-08.41.14:511][  0]LogTargetPlatformManager: Display: Loaded TargetPlatform 'LinuxAArch64Client'
[2024.10.24-08.41.14:528][  0]LogTargetPlatformManager: Display: Loaded TargetPlatform 'LinuxAArch64Server'
[2024.10.24-08.41.14:584][  0]LogTargetPlatformManager: Display: Loaded TargetPlatform 'Lumin'
[2024.10.24-08.41.14:584][  0]LogTargetPlatformManager: Display: Loaded TargetPlatform 'LuminClient'
[2024.10.24-08.41.14:627][  0]LogTargetPlatformManager: Display: Loaded TargetPlatform 'MacNoEditor'
[2024.10.24-08.41.14:649][  0]LogTargetPlatformManager: Display: Loaded TargetPlatform 'Mac'
[2024.10.24-08.41.14:675][  0]LogTargetPlatformManager: Display: Loaded TargetPlatform 'MacClient'
[2024.10.24-08.41.14:703][  0]LogTargetPlatformManager: Display: Loaded TargetPlatform 'MacServer'
[2024.10.24-08.41.14:735][  0]LogTargetPlatformManager: Display: Loaded TargetPlatform 'TVOSClient'
[2024.10.24-08.41.14:735][  0]LogTargetPlatformManager: Display: Loaded TargetPlatform 'TVOS'
[2024.10.24-08.41.14:769][  0]LogTargetPlatformManager: Display: Loaded TargetPlatform 'WindowsNoEditor'
[2024.10.24-08.41.14:785][  0]LogTargetPlatformManager: Display: Loaded TargetPlatform 'Windows'
[2024.10.24-08.41.14:820][  0]LogTargetPlatformManager: Display: Loaded TargetPlatform 'WindowsClient'
[2024.10.24-08.41.14:848][  0]LogTargetPlatformManager: Display: Loaded TargetPlatform 'WindowsServer'
[2024.10.24-08.41.14:848][  0]LogTargetPlatformManager: Display: Building Assets For Windows
[2024.10.24-08.41.15:029][  0]LogAudioDebug: Display: Lib vorbis DLL was dynamically loaded.
[2024.10.24-08.41.15:416][  0]LogTextureFormatOodle: Display: Oodle Texture 2.9.0 init RDO Off
[2024.10.24-08.41.17:055][  0]LogRendererCore: Ray tracing is disabled. Reason: r.RayTracing=0.
[2024.10.24-08.41.17:077][  0]LogShaderCompilers: Guid format shader working directory is -10 characters bigger than the processId version (../../../../../Assessment34BT/Assessment34BT/VehicleGame/Intermediate/Shaders/WorkingDirectory/13204/).
[2024.10.24-08.41.17:077][  0]LogShaderCompilers: Cleaned the shader compiler working directory 'C:/Users/Davide/AppData/Local/Temp/UnrealShaderWorkingDir/AD9CC648405EF8584EDCE3B4D31A0040/'.
[2024.10.24-08.41.17:083][  0]LogXGEController: Cannot use XGE Controller as Incredibuild is not installed on this machine.
[2024.10.24-08.41.17:083][  0]LogShaderCompilers: Cannot use XGE Shader Compiler as Incredibuild is not installed on this machine.
[2024.10.24-08.41.17:083][  0]LogShaderCompilers: Display: Using Local Shader Compiler.
[2024.10.24-08.41.21:517][  0]LogDerivedDataCache: Display: Max Cache Size: 512 MB
[2024.10.24-08.41.22:023][  0]LogDerivedDataCache: Loaded boot cache 0.50s 101MB C:/Users/Davide/AppData/Local/UnrealEngine/4.27/DerivedDataCache/Boot.ddc.
[2024.10.24-08.41.22:023][  0]LogDerivedDataCache: Display: Loaded Boot cache: C:/Users/Davide/AppData/Local/UnrealEngine/4.27/DerivedDataCache/Boot.ddc
[2024.10.24-08.41.22:023][  0]LogDerivedDataCache: FDerivedDataBackendGraph:  Pak pak cache file ../../../../../Assessment34BT/Assessment34BT/VehicleGame/DerivedDataCache/DDC.ddp not found, will not use a pak cache.
[2024.10.24-08.41.22:023][  0]LogDerivedDataCache: Unable to find inner node Pak for hierarchical cache Hierarchy.
[2024.10.24-08.41.22:203][  0]LogDerivedDataCache: Display: Pak cache opened for reading ../../../../../Assessment34BT/Assessment34BT/VehicleGame/DerivedDataCache/Compressed.ddp.
[2024.10.24-08.41.22:259][  0]LogDerivedDataCache: Display: Pak cache opened for reading ../../../Engine/DerivedDataCache/Compressed.ddp.
[2024.10.24-08.41.22:259][  0]LogDerivedDataCache: FDerivedDataBackendGraph:  EnterprisePak pak cache file ../../../Enterprise/DerivedDataCache/Compressed.ddp not found, will not use a pak cache.
[2024.10.24-08.41.22:259][  0]LogDerivedDataCache: Unable to find inner node EnterprisePak for hierarchical cache Hierarchy.
[2024.10.24-08.41.22:278][  0]LogDerivedDataCache: Speed tests for C:/Users/Davide/AppData/Local/UnrealEngine/Common/DerivedDataCache took 0.02 seconds
[2024.10.24-08.41.22:278][  0]LogDerivedDataCache: Display: Performance to C:/Users/Davide/AppData/Local/UnrealEngine/Common/DerivedDataCache: Latency=0.20ms. RandomReadSpeed=91.26MBs, RandomWriteSpeed=141.89MBs. Assigned SpeedClass 'Local'
[2024.10.24-08.41.22:283][  0]LogDerivedDataCache: Using Local data cache path C:/Users/Davide/AppData/Local/UnrealEngine/Common/DerivedDataCache: Writable
[2024.10.24-08.41.22:283][  0]LogDerivedDataCache: Shared data cache path not found in *engine.ini, will not use an Shared cache.
[2024.10.24-08.41.22:283][  0]LogDerivedDataCache: Unable to find inner node Shared for hierarchical cache Hierarchy.
[2024.10.24-08.41.22:366][  0]LogSlate: Using FreeType 2.10.0
[2024.10.24-08.41.22:491][  0]LogSlate: SlateFontServices - WITH_FREETYPE: 1, WITH_HARFBUZZ: 1
[2024.10.24-08.41.24:384][  0]LogAssetRegistry: FAssetRegistry took 0.0040 seconds to start up
[2024.10.24-08.41.28:465][  0]LogInit: Selected Device Profile: [Windows]
[2024.10.24-08.41.28:465][  0]LogInit: Active device profile: [000001CE2030C900][000001CE1DBFA880 49] Windows
[2024.10.24-08.41.28:465][  0]LogInit: Profiles: [000001CE2030C900][000001CE1DBFA880 49] Windows, [000001CE202D3800][000001CE1297E9C0 49] WindowsNoEditor, [000001CE2030F500][000001CE12982B00 49] WindowsServer, [000001CE202D0E00][000001CE1298AC80 49] WindowsClient, [000001CE2030F800][000001CE1298EE00 49] IOS, [000001CE202D2800][000001CE1FE1CF80 49] iPadAir, [000001CE2030E000][000001CE1FE21100 49] iPadAir2, [000001CE20278A00][000001CE1FE293C0 49] IPadPro, [000001CE20278B00][000001CE1FE25400 49] iPadAir3, [000001CE202D1900][000001CE1FE2D580 49] iPadAir4, [000001CE2027B400][000001CE1FE31700 49] iPadMini2, [000001CE202D2A00][000001CE1FE35880 49] iPadMini3, [000001CE20279700][000001CE1FE39A00 49] iPadMini4, [000001CE2030D100][000001CE1FE3DB80 49] iPadMini5, [000001CE202A0300][000001CE1FE442C0 49] iPhone6, [000001CE202A0400][000001CE1FE40300 49] iPodTouch6, [000001CE2026BF00][000001CE1FE4C5C0 49] iPhone7, [000001CE2026BE00][000001CE1FE48600 49] iPodTouch7, [000001CE202D2000][000001CE1FE50780 49] iPhone5S, [000001CE20269A00][000001CE1FE54900 49] iPhone6Plus, [000001CE202A0200][000001CE12986A40 49] iPhone6S, [000001CE20268600][000001CE1FE58B80 49] iPhone6SPlus, [000001CE202A2900][000001CE1FE5CCC0 49] iPhone7Plus, [000001CE2026B100][000001CE1FE64E40 49] iPhoneSE, [000001CE202A2200][000001CE1FE68FC0 49] iPhone8, [000001CE2026BB00][000001CE1FE6D140 49] iPhone8Plus, [000001CE202A0A00][000001CE1FE712C0 49] iPhoneX, [000001CE20269400][000001CE1FE75440 49] iPhoneXS, [000001CE202A3D00][000001CE1FE795C0 49] iPhoneXSMax, [000001CE20268500][000001CE1FE7D740 49] iPhoneXR, [000001CE202A1300][000001CE1FE818C0 49] iPhone11, [000001CE2026A700][000001CE1FE85A40 49] iPhone11Pro, [000001CE202A1000][000001CE1FE89BC0 49] iPhone11ProMax, [000001CE2026AA00][000001CE1FE8C1C0 49] iPhoneSE2, [000001CE202A1400][000001CE1FE90340 49] iPhone12Mini, [000001CE2026A400][000001CE1FE944C0 49] iPhone12, [000001CE202A0D00][000001CE1FE98640 49] iPhone12Pro, [000001CE2026AB00][000001CE1FE9C7C0 49] iPhone12ProMax, [000001CE202A3000][000001CE1FEA0940 49] iPadPro105, [000001CE20268700][000001CE1FEA4AC0 49] iPadPro129, [000001CE202A2800][000001CE1FE60C00 49] iPadPro97, [000001CE2026A600][000001CE1FEA8D40 49] iPadPro2_129, [000001CE202A3C00][000001CE1FEACE80 49] iPad5, [000001CE2026A200][000001CE1FEB0FC0 49] iPad6, [000001CE202A0F00][000001CE1FEB9140 49] iPad7, [000001CE2026BC00][000001CE1FEBD2C0 49] iPad8, [000001CE202A3400][000001CE1FEC1440 49] iPadPro11, [000001CE2026AF00][000001CE1FEC55C0 49] iPadPro2_11, [000001CE202A3900][000001CE1FEC9740 49] iPadPro3_129, [000001CE20269700][000001CE1FECD8C0 49] iPadPro4_129, [000001CE202A1100][000001CE1FED1A40 49] AppleTV, [000001CE2026A100][000001CE1FED5BC0 49] AppleTV4K, [000001CE202A1F00][000001CE1FED81C0 49] TVOS, [000001CE2026B400][000001CE1FEDC340 49] Mac, [000001CE202A3800][000001CE1FEE04C0 49] MacClient, [000001CE20269E00][000001CE1FEE4640 49] MacNoEditor, [000001CE202A3F00][000001CE1FEE87C0 49] MacServer, [000001CE20269200][000001CE1FEEC940 49] Linux, [000001CE202A0C00][000001CE1FEF0AC0 49] LinuxAArch64, [000001CE20269F00][000001CE1FEF4C40 49] LinuxNoEditor, [000001CE202A1B00][000001CE1FEB4D80 49] LinuxAArch64NoEditor, [000001CE2026BA00][000001CE1FEF8EC0 49] LinuxClient, [000001CE202A3500][000001CE1FEFD000 49] LinuxAArch64Client, [000001CE20269000][000001CE1FF01140 49] LinuxServer, [000001CE202A2500][000001CE1FF092C0 49] LinuxAArch64Server, [000001CE20268A00][000001CE1FF0D440 49] Android, [000001CE202A3300][000001CE1FF115C0 49] Android_Low, [000001CE2026B500][000001CE1FF15740 49] Android_Mid, [000001CE202A0600][000001CE1FF198C0 49] Android_High, [000001CE20268200][000001CE1FF1DA40 49] Android_Default, [000001CE202A3100][000001CE1FF21BC0 49] Android_Adreno4xx, [000001CE20269100][000001CE1FF241C0 49] Android_Adreno5xx_Low, [000001CE2027B600][000001CE1FF28340 49] Android_Adreno5xx, [000001CE202D1500][000001CE1FF2C4C0 49] Android_Adreno6xx, [000001CE20278F00][000001CE1FF30640 49] Android_Adreno6xx_Vulkan, [000001CE202D3C00][000001CE1FF347C0 49] Android_Mali_T6xx, [000001CE20279100][000001CE1FF38940 49] Android_Mali_T7xx, [000001CE202D1600][000001CE1FF3CAC0 49] Android_Mali_T8xx, [000001CE20279E00][000001CE1FF40C40 49] Android_Mali_G71, [000001CE202D0500][000001CE1FF44DC0 49] Android_Mali_G72, [000001CE20278800][000001CE1FF48F40 49] Android_Mali_G72_Vulkan, [000001CE202D3A00][000001CE1FF05080 49] Android_Mali_G76, [000001CE20278100][000001CE1FF4D1C0 49] Android_Mali_G76_Vulkan, [000001CE202D1F00][000001CE1FF51300 49] Android_Mali_G77, [000001CE20279000][000001CE1FF59480 49] Android_Mali_G77_Vulkan, [000001CE202D0A00][000001CE1FF5D600 49] Android_Mali_G78, [000001CE2027AC00][000001CE1FF61780 49] Android_Mali_G78_Vulkan, [000001CE202D3600][000001CE1FF65900 49] Android_Mali_G710, [000001CE2027AB00][000001CE1FF69A80 49] Android_Mali_G710_Vulkan, [000001CE202D3F00][000001CE1FF6DC00 49] Android_Vulkan_SM5, [000001CE2027BB00][000001CE1FF70200 49] Android_PowerVR_G6xxx, [000001CE202D0100][000001CE1FF74380 49] Android_PowerVR_GT7xxx, [000001CE2027A300][000001CE1FF78500 49] Android_PowerVR_GE8xxx, [000001CE202D0C00][000001CE1FF7C680 49] Android_PowerVR_GM9xxx, [000001CE2027A700][000001CE1FF80800 49] Android_PowerVR_GM9xxx_Vulkan, [000001CE202D2700][000001CE1FF84980 49] Android_TegraK1, [000001CE20278600][000001CE1FF88B00 49] Android_Unknown_Vulkan, [000001CE202D2D00][000001CE1FF8CC80 49] Lumin, [000001CE20278500][000001CE1FF90E00 49] Lumin_Desktop, [000001CE202D2500][000001CE1FF94F80 49] HoloLens, 
[2024.10.24-08.41.31:328][  0]LogMeshReduction: Using QuadricMeshReduction for automatic static mesh reduction
[2024.10.24-08.41.31:328][  0]LogMeshReduction: Using SimplygonMeshReduction for automatic skeletal mesh reduction
[2024.10.24-08.41.31:328][  0]LogMeshReduction: Using ProxyLODMeshReduction for automatic mesh merging
[2024.10.24-08.41.31:328][  0]LogMeshReduction: No distributed automatic mesh merging module available
[2024.10.24-08.41.31:394][  0]LogMeshMerging: No distributed automatic mesh merging module available
[2024.10.24-08.41.32:101][  0]LogNetVersion: VehicleGame 1.0.0, NetCL: 17155196, EngineNetVer: 17, GameNetVer: 0 (Checksum: 2789370143)
[2024.10.24-08.41.59:875][  0]LogTexture: Default maximum texture size for cubemaps generated from long-lat sources has been changed from 512 to unlimited. In order to preserve old behaiour for '/Engine/MapTemplates/Sky/DaylightAmbientCubemap.DaylightAmbientCubemap', its maximum texture size has been explicitly set to 512.
[2024.10.24-08.42.00:376][  0]LogHMD: PokeAHoleMaterial loaded successfully
[2024.10.24-08.42.00:428][  0]LogUObjectArray: 17178 objects as part of root set at end of initial load.
[2024.10.24-08.42.00:428][  0]LogUObjectAllocator: 4302048 out of 0 bytes used by permanent object pool.
[2024.10.24-08.42.00:428][  0]LogUObjectArray: CloseDisregardForGC: 0/0 objects in disregard for GC pool
[2024.10.24-08.42.05:930][  0]LogNiagaraDebuggerClient: Niagara Debugger Client Initialized | Session: 8E1820AA45A079F319021F89BA5441B5 | Instance: 8C465BF541891BF1D21B599AA65A0C05 (DESKTOP-V3RD9DI-13204).
[2024.10.24-08.42.11:383][  0]LogTcpMessaging: Initializing TcpMessaging bridge
[2024.10.24-08.42.11:472][  0]LogUdpMessaging: Initializing bridge on interface 0.0.0.0:0 to multicast group 230.0.0.1:6666.
[2024.10.24-08.42.11:543][  0]LogPython: Using Python 3.7.7
[2024.10.24-08.42.16:860][  0]SourceControl: Source control is disabled
[2024.10.24-08.42.16:860][  0]SourceControl: Source control is disabled
[2024.10.24-08.42.16:861][  0]SourceControl: Source control is disabled
[2024.10.24-08.42.16:862][  0]SourceControl: Source control is disabled
[2024.10.24-08.42.16:866][  0]SourceControl: Source control is disabled
[2024.10.24-08.42.16:869][  0]LogUProjectInfo: Found projects:
[2024.10.24-08.42.19:006][  0]LogAndroidPermission: UAndroidPermissionCallbackProxy::GetInstance
[2024.10.24-08.42.19:101][  0]LogAudioCaptureCore: Display: No Audio Capture implementations found. Audio input will be silent.
[2024.10.24-08.42.19:101][  0]LogAudioCaptureCore: Display: No Audio Capture implementations found. Audio input will be silent.
[2024.10.24-08.42.19:267][  0]LogOpenImageDenoise: OIDN starting up
[2024.10.24-08.42.20:221][  0]LogCollectionManager: Loaded 0 collections in 0.001630 seconds
[2024.10.24-08.42.20:378][  0]LogFileCache: Scanning file cache for directory 'G:/Assessment34BT/Assessment34BT/VehicleGame/Saved/Collections/' took 0.00s
[2024.10.24-08.42.20:378][  0]LogFileCache: Scanning file cache for directory 'G:/Assessment34BT/Assessment34BT/VehicleGame/Content/Developers/Davide/Collections/' took 0.00s
[2024.10.24-08.42.20:378][  0]LogFileCache: Scanning file cache for directory 'G:/Assessment34BT/Assessment34BT/VehicleGame/Content/Collections/' took 0.00s
[2024.10.24-08.42.20:378][  0]LogOcInput: OculusInput pre-init called
[2024.10.24-08.42.22:052][  0]LogClass: Display: IntProperty FRegisteredDeviceInfo::Handle is not initialized properly. Module:RawInput File:Public/RawInputFunctionLibrary.h
[2024.10.24-08.42.22:068][  0]LogClass: Display: IntProperty FRegisteredDeviceInfo::VendorID is not initialized properly. Module:RawInput File:Public/RawInputFunctionLibrary.h
[2024.10.24-08.42.22:068][  0]LogClass: Display: IntProperty FRegisteredDeviceInfo::ProductID is not initialized properly. Module:RawInput File:Public/RawInputFunctionLibrary.h
[2024.10.24-08.42.22:068][  0]LogClass: Display: 3 Uninitialized script struct members found including 0 object properties
[2024.10.24-08.42.22:100][  0]LogEngine: Initializing Engine...
[2024.10.24-08.42.22:380][  0]LogHMD: Optional extension XR_VARJO_quad_views is not available
[2024.10.24-08.42.22:398][  0]LogHMD: Warning: Required extension XR_EXT_eye_gaze_interaction is not available
[2024.10.24-08.42.22:398][  0]LogHMD: Could not enable all required OpenXR extensions for OpenXREyeTracker on current system. This plugin will be loaded but ignored, but will be enabled on a target platform that supports the required extension.
[2024.10.24-08.42.22:400][  0]LogHMD: Failed to get an OpenXR system, result is XR_ERROR_FORM_FACTOR_UNAVAILABLE. Please check that your runtime supports VR headsets.
[2024.10.24-08.42.22:400][  0]LogHMD: Failed to initialize OpenVR with code 101
[2024.10.24-08.42.22:400][  0]LogMagicLeap: Warning: VR disabled because ZI is not enabled.  To enable, in the editor, Edit -> Project Settings -> Plugins -> Magic Leap Plugin -> Enable Zero Iteration
[2024.10.24-08.42.22:447][  0]LogStats: UGameplayTagsManager::InitializeManager -  0.024 s
[2024.10.24-08.42.23:471][  0]LogInit: Initializing FReadOnlyCVARCache
[2024.10.24-08.42.23:669][  0]LogAIModule: Creating AISystem for world Untitled
[2024.10.24-08.42.23:669][  0]LogAudio: Display: Initializing Audio Device Manager...
[2024.10.24-08.42.23:704][  0]LogAudio: Display: Loading Default Audio Settings Objects...
[2024.10.24-08.42.23:705][  0]LogAudio: Display: No default SoundConcurrencyObject specified (or failed to load).
[2024.10.24-08.42.23:731][  0]LogAudio: Display: Audio Device Manager Initialized
[2024.10.24-08.42.23:731][  0]LogAudio: Display: Creating Audio Device:                 Id: 1, Scope: Shared, Realtime: True
[2024.10.24-08.42.23:731][  0]LogAudioMixer: Display: Audio Mixer Platform Settings:
[2024.10.24-08.42.23:732][  0]LogAudioMixer: Display: 	Sample Rate:						  48000
[2024.10.24-08.42.23:732][  0]LogAudioMixer: Display: 	Callback Buffer Frame Size Requested: 1024
[2024.10.24-08.42.23:732][  0]LogAudioMixer: Display: 	Callback Buffer Frame Size To Use:	  1024
[2024.10.24-08.42.23:732][  0]LogAudioMixer: Display: 	Number of buffers to queue:			  2
[2024.10.24-08.42.23:732][  0]LogAudioMixer: Display: 	Max Channels (voices):				  32
[2024.10.24-08.42.23:732][  0]LogAudioMixer: Display: 	Number of Async Source Workers:		  0
[2024.10.24-08.42.23:732][  0]LogAudio: Display: AudioDevice MaxSources: 32
[2024.10.24-08.42.23:732][  0]LogAudio: Display: Audio Spatialization Plugin: None (built-in).
[2024.10.24-08.42.23:732][  0]LogAudio: Display: Audio Reverb Plugin: None (built-in).
[2024.10.24-08.42.23:732][  0]LogAudio: Display: Audio Occlusion Plugin: None (built-in).
[2024.10.24-08.42.23:732][  0]LogAudioMixer: Display: Initializing audio mixer.
[2024.10.24-08.42.23:905][  0]LogAudioMixer: Display: 0: FrontLeft
[2024.10.24-08.42.23:905][  0]LogAudioMixer: Display: 1: FrontRight
[2024.10.24-08.42.23:925][  0]LogAudioMixer: Display: Using Audio Device Casse ant (High Definition Audio Device)
[2024.10.24-08.42.23:967][  0]LogAudioMixer: Display: Initializing Sound Submixes...
[2024.10.24-08.42.23:996][  0]LogAudioMixer: Display: Creating Master Submix 'MasterSubmixDefault'
[2024.10.24-08.42.23:996][  0]LogAudioMixer: Display: Creating Master Submix 'MasterReverbSubmixDefault'
[2024.10.24-08.42.23:998][  0]LogAudioMixer: Display: Creating Master Submix 'MasterEQSubmixDefault'
[2024.10.24-08.42.23:998][  0]LogAudioMixer: FMixerPlatformXAudio2::StartAudioStream() called
[2024.10.24-08.42.23:998][  0]LogAudioMixer: Display: Output buffers initialized: Frames=1024, Channels=2, Samples=2048
[2024.10.24-08.42.24:000][  0]LogAudioMixer: Display: Starting AudioMixerPlatformInterface::RunInternal()
[2024.10.24-08.42.24:000][  0]LogAudioMixer: Display: FMixerPlatformXAudio2::SubmitBuffer() called for the first time
[2024.10.24-08.42.24:000][  0]LogInit: FAudioDevice initialized.
[2024.10.24-08.42.24:037][  0]LogAudio: Display: Audio Device (ID: 1) registered with world 'Untitled'.
[2024.10.24-08.42.24:037][  0]LogNetVersion: Set ProjectVersion to 1.0.0.0. Version Checksum will be recalculated on next use.
[2024.10.24-08.42.24:051][  0]LogDerivedDataCache: Error: Could not save memory cache C:/Users/Davide/AppData/Local/UnrealEngine/4.27/DerivedDataCache/Boot.ddc.
[2024.10.24-08.42.24:051][  0]LogInit: Texture streaming: Enabled
[2024.10.24-08.42.24:164][  0]LogAnalytics: Display: [UEEditor.Rocket.Release] APIServer = https://datarouter.ol.epicgames.com/. AppVersion = 4.27.2-18319896+++UE4+Release-4.27
[2024.10.24-08.42.24:188][  0]LogEngineSessionManager: EngineSessionManager initialized
[2024.10.24-08.42.24:188][  0]LogEditorSessionSummary: Verbose: Initializing EditorSessionSummaryWriter for editor session tracking
[2024.10.24-08.42.24:205][  0]LogEditorSessionSummary: EditorSessionSummaryWriter initialized
[2024.10.24-08.42.24:479][  0]LogInit: Transaction tracking system initialized
[2024.10.24-08.42.25:116][  0]BlueprintLog: New page: Editor Load
[2024.10.24-08.42.26:392][  0]LocalizationService: Localization service is disabled
[2024.10.24-08.42.26:870][  0]TimingProfiler: Initialize
[2024.10.24-08.42.26:879][  0]TimingProfiler: OnSessionChanged
[2024.10.24-08.42.26:879][  0]LoadingProfiler: Initialize
[2024.10.24-08.42.26:879][  0]LoadingProfiler: OnSessionChanged
[2024.10.24-08.42.26:879][  0]NetworkingProfiler: Initialize
[2024.10.24-08.42.26:921][  0]NetworkingProfiler: OnSessionChanged
[2024.10.24-08.42.26:921][  0]MemoryProfiler: Initialize
[2024.10.24-08.42.26:921][  0]MemoryProfiler: OnSessionChanged
[2024.10.24-08.42.27:662][  0]LogConsoleResponse: Display:   GraphicsQuality 1
[2024.10.24-08.42.31:071][  0]LogFileCache: Scanning file cache for directory 'G:/Assessment34BT/Assessment34BT/VehicleGame/Content/' took 0.01s
[2024.10.24-08.42.31:071][  0]LogCook: Display: CookSettings for Memory: MemoryMaxUsedVirtual 0MiB, MemoryMaxUsedPhysical 16384MiB, MemoryMinFreeVirtual 0MiB, MemoryMinFreePhysical 1024MiB
[2024.10.24-08.42.31:071][  0]LogCook: Display: Mobile HDR setting 1
[2024.10.24-08.42.37:461][  0]LogInit: Display: Engine is initialized. Leaving FEngineLoop::Init()
[2024.10.24-08.42.37:584][  0]SourceControl: Source control is disabled
[2024.10.24-08.42.37:584][  0]LogUnrealEdMisc: Loading editor; pre map load, took 253.294
[2024.10.24-08.42.37:663][  0]Cmd: MAP LOAD FILE="../../../../../Assessment34BT/Assessment34BT/VehicleGame/Content/Maps/DesertRallyRace.umap" TEMPLATE=0 SHOWPROGRESS=1 FEATURELEVEL=3
[2024.10.24-08.42.37:730][  0]LightingResults: New page: Lighting Build
[2024.10.24-08.42.38:026][  0]LogWorld: UWorld::CleanupWorld for Untitled, bSessionEnded=true, bCleanupResources=true
[2024.10.24-08.42.38:027][  0]LogSlate: InvalidateAllWidgets triggered.  All widgets were invalidated
[2024.10.24-08.42.38:027][  0]MapCheck: New page: Map Check
[2024.10.24-08.42.38:027][  0]LightingResults: New page: Lighting Build
[2024.10.24-08.42.38:033][  0]LogAudio: Display: Audio Device unregistered from world 'None'.
[2024.10.24-08.42.38:039][  0]LogUObjectHash: Compacting FUObjectHashTables data took   0.68ms
[2024.10.24-08.43.04:552][  0]LogSkeletalMesh: Display: [AssetLog] G:\Assessment34BT\Assessment34BT\VehicleGame\Content\Vehicles\VH_Buggy\Mesh\SK_Buggy_Vehicle.uasset: Find and fix some bad tangent! please re-import this skeletal mesh asset to fix the issue. The shading of the skeletal mesh will be bad and faceted.
[2024.10.24-08.43.06:714][  0]LogAudio: Display: Audio Device (ID: 1) registered with world 'DesertRallyRace'.
[2024.10.24-08.43.06:715][  0]LogAIModule: Creating AISystem for world DesertRallyRace
[2024.10.24-08.43.07:939][  0]LogStreaming: Display: ULevelStreaming::RequestLevel(/Game/Maps/DesertRallyRace_Collision) is flushing async loading
[2024.10.24-08.43.07:939][  0]LogStreaming: Display: FlushAsyncLoading: 1 QueuedPackages, 0 AsyncPackages
[2024.10.24-08.43.08:470][  0]LogEditorServer: Finished looking for orphan Actors (0.000 secs)
[2024.10.24-08.43.08:596][  0]LogUObjectHash: Compacting FUObjectHashTables data took   2.10ms
[2024.10.24-08.43.08:672][  0]Cmd: MAP CHECKDEP NOCLEARLOG
[2024.10.24-08.43.08:672][  0]MapCheck: Map check complete: 0 Error(s), 0 Warning(s), took 0.275ms to complete.
[2024.10.24-08.43.08:672][  0]LogFileHelpers: Loading map 'DesertRallyRace' took 31.014
[2024.10.24-08.43.08:740][  0]LogUnrealEdMisc: Total Editor Startup Time, took 284.449
[2024.10.24-08.43.09:602][  0]LogSlate: Updating window title bar state: overlay mode, drag disabled, window buttons hidden, title bar hidden
[2024.10.24-08.43.09:613][  0]LogSlate: Updating window title bar state: overlay mode, drag disabled, window buttons hidden, title bar hidden
[2024.10.24-08.43.09:620][  0]LogSlate: Updating window title bar state: overlay mode, drag disabled, window buttons hidden, title bar hidden
[2024.10.24-08.43.09:628][  0]LogSlate: Updating window title bar state: overlay mode, drag disabled, window buttons hidden, title bar hidden
[2024.10.24-08.43.09:962][  0]LogNativeClassHierarchy: Verbose: Native class hierarchy populated in 0.0113 seconds. Added 3843 classes and 944 folders.
[2024.10.24-08.43.10:177][  0]LogNativeClassHierarchy: Verbose: Native class hierarchy updated for 'WidgetCarousel' in 0.0003 seconds. Added 0 classes and 0 folders.
[2024.10.24-08.43.10:403][  0]LogPakFile: PakFile PrimaryIndexSize=187
[2024.10.24-08.43.10:403][  0]LogPakFile: PakFile PathHashIndexSize=101
[2024.10.24-08.43.10:403][  0]LogPakFile: PakFile FullDirectoryIndexSize=148
[2024.10.24-08.43.10:463][  0]LogShaderLibrary: Display: ShaderCodeLibraryPakFileMountedCallback: PakFile 'G:/Games/UE_4.27/FeaturePacks/FP_FirstPerson.upack' (chunk index -1, root 'root:/') mounted
[2024.10.24-08.43.10:463][  0]LogShaderLibrary: Display: ShaderCodeLibraryPakFileMountedCallback: pending pak file info (ChunkID:-1 Root:root:/ File:G:/Games/UE_4.27/FeaturePacks/FP_FirstPerson.upack)
[2024.10.24-08.43.10:463][  0]LogPakFile: OnPakFileMounted2Time == 0.060163
[2024.10.24-08.43.10:541][  0]LogPakFile: PakFile PrimaryIndexSize=189
[2024.10.24-08.43.10:541][  0]LogPakFile: PakFile PathHashIndexSize=101
[2024.10.24-08.43.10:541][  0]LogPakFile: PakFile FullDirectoryIndexSize=152
[2024.10.24-08.43.10:541][  0]LogShaderLibrary: Display: ShaderCodeLibraryPakFileMountedCallback: PakFile 'G:/Games/UE_4.27/FeaturePacks/FP_FirstPersonBP.upack' (chunk index -1, root 'root:/') mounted
[2024.10.24-08.43.10:541][  0]LogShaderLibrary: Display: ShaderCodeLibraryPakFileMountedCallback: pending pak file info (ChunkID:-1 Root:root:/ File:G:/Games/UE_4.27/FeaturePacks/FP_FirstPersonBP.upack)
[2024.10.24-08.43.10:541][  0]LogPakFile: OnPakFileMounted2Time == 0.000085
[2024.10.24-08.43.10:587][  0]LogPakFile: PakFile PrimaryIndexSize=191
[2024.10.24-08.43.10:587][  0]LogPakFile: PakFile PathHashIndexSize=101
[2024.10.24-08.43.10:587][  0]LogPakFile: PakFile FullDirectoryIndexSize=160
[2024.10.24-08.43.10:587][  0]LogShaderLibrary: Display: ShaderCodeLibraryPakFileMountedCallback: PakFile 'G:/Games/UE_4.27/FeaturePacks/MobileStarterContent.upack' (chunk index -1, root 'root:/') mounted
[2024.10.24-08.43.10:587][  0]LogShaderLibrary: Display: ShaderCodeLibraryPakFileMountedCallback: pending pak file info (ChunkID:-1 Root:root:/ File:G:/Games/UE_4.27/FeaturePacks/MobileStarterContent.upack)
[2024.10.24-08.43.10:587][  0]LogPakFile: OnPakFileMounted2Time == 0.000037
[2024.10.24-08.43.10:602][  0]LogPakFile: PakFile PrimaryIndexSize=185
[2024.10.24-08.43.10:602][  0]LogPakFile: PakFile PathHashIndexSize=101
[2024.10.24-08.43.10:602][  0]LogPakFile: PakFile FullDirectoryIndexSize=148
[2024.10.24-08.43.10:602][  0]LogShaderLibrary: Display: ShaderCodeLibraryPakFileMountedCallback: PakFile 'G:/Games/UE_4.27/FeaturePacks/StarterContent.upack' (chunk index -1, root 'root:/') mounted
[2024.10.24-08.43.10:602][  0]LogShaderLibrary: Display: ShaderCodeLibraryPakFileMountedCallback: pending pak file info (ChunkID:-1 Root:root:/ File:G:/Games/UE_4.27/FeaturePacks/StarterContent.upack)
[2024.10.24-08.43.10:602][  0]LogPakFile: OnPakFileMounted2Time == 0.000040
[2024.10.24-08.43.10:644][  0]LogPakFile: PakFile PrimaryIndexSize=190
[2024.10.24-08.43.10:644][  0]LogPakFile: PakFile PathHashIndexSize=101
[2024.10.24-08.43.10:644][  0]LogPakFile: PakFile FullDirectoryIndexSize=154
[2024.10.24-08.43.10:645][  0]LogShaderLibrary: Display: ShaderCodeLibraryPakFileMountedCallback: PakFile 'G:/Games/UE_4.27/FeaturePacks/TP_2DSideScroller.upack' (chunk index -1, root 'root:/') mounted
[2024.10.24-08.43.10:645][  0]LogShaderLibrary: Display: ShaderCodeLibraryPakFileMountedCallback: pending pak file info (ChunkID:-1 Root:root:/ File:G:/Games/UE_4.27/FeaturePacks/TP_2DSideScroller.upack)
[2024.10.24-08.43.10:645][  0]LogPakFile: OnPakFileMounted2Time == 0.000049
[2024.10.24-08.43.10:681][  0]LogPakFile: PakFile PrimaryIndexSize=192
[2024.10.24-08.43.10:681][  0]LogPakFile: PakFile PathHashIndexSize=101
[2024.10.24-08.43.10:681][  0]LogPakFile: PakFile FullDirectoryIndexSize=158
[2024.10.24-08.43.10:681][  0]LogShaderLibrary: Display: ShaderCodeLibraryPakFileMountedCallback: PakFile 'G:/Games/UE_4.27/FeaturePacks/TP_2DSideScrollerBP.upack' (chunk index -1, root 'root:/') mounted
[2024.10.24-08.43.10:681][  0]LogShaderLibrary: Display: ShaderCodeLibraryPakFileMountedCallback: pending pak file info (ChunkID:-1 Root:root:/ File:G:/Games/UE_4.27/FeaturePacks/TP_2DSideScrollerBP.upack)
[2024.10.24-08.43.10:681][  0]LogPakFile: OnPakFileMounted2Time == 0.000085
[2024.10.24-08.43.10:687][  0]LogPakFile: PakFile PrimaryIndexSize=182
[2024.10.24-08.43.10:687][  0]LogPakFile: PakFile PathHashIndexSize=101
[2024.10.24-08.43.10:687][  0]LogPakFile: PakFile FullDirectoryIndexSize=138
[2024.10.24-08.43.10:688][  0]LogShaderLibrary: Display: ShaderCodeLibraryPakFileMountedCallback: PakFile 'G:/Games/UE_4.27/FeaturePacks/TP_Flying.upack' (chunk index -1, root 'root:/') mounted
[2024.10.24-08.43.10:688][  0]LogShaderLibrary: Display: ShaderCodeLibraryPakFileMountedCallback: pending pak file info (ChunkID:-1 Root:root:/ File:G:/Games/UE_4.27/FeaturePacks/TP_Flying.upack)
[2024.10.24-08.43.10:688][  0]LogPakFile: OnPakFileMounted2Time == 0.000053
[2024.10.24-08.43.10:759][  0]LogPakFile: PakFile PrimaryIndexSize=184
[2024.10.24-08.43.10:759][  0]LogPakFile: PakFile PathHashIndexSize=101
[2024.10.24-08.43.10:759][  0]LogPakFile: PakFile FullDirectoryIndexSize=142
[2024.10.24-08.43.10:759][  0]LogShaderLibrary: Display: ShaderCodeLibraryPakFileMountedCallback: PakFile 'G:/Games/UE_4.27/FeaturePacks/TP_FlyingBP.upack' (chunk index -1, root 'root:/') mounted
[2024.10.24-08.43.10:759][  0]LogShaderLibrary: Display: ShaderCodeLibraryPakFileMountedCallback: pending pak file info (ChunkID:-1 Root:root:/ File:G:/Games/UE_4.27/FeaturePacks/TP_FlyingBP.upack)
[2024.10.24-08.43.10:759][  0]LogPakFile: OnPakFileMounted2Time == 0.000040
[2024.10.24-08.43.10:824][  0]LogPakFile: PakFile PrimaryIndexSize=188
[2024.10.24-08.43.10:824][  0]LogPakFile: PakFile PathHashIndexSize=101
[2024.10.24-08.43.10:824][  0]LogPakFile: PakFile FullDirectoryIndexSize=150
[2024.10.24-08.43.10:824][  0]LogShaderLibrary: Display: ShaderCodeLibraryPakFileMountedCallback: PakFile 'G:/Games/UE_4.27/FeaturePacks/TP_HandheldARBP.upack' (chunk index -1, root 'root:/') mounted
[2024.10.24-08.43.10:824][  0]LogShaderLibrary: Display: ShaderCodeLibraryPakFileMountedCallback: pending pak file info (ChunkID:-1 Root:root:/ File:G:/Games/UE_4.27/FeaturePacks/TP_HandheldARBP.upack)
[2024.10.24-08.43.10:824][  0]LogPakFile: OnPakFileMounted2Time == 0.000036
[2024.10.24-08.43.10:920][  0]LogPakFile: PakFile PrimaryIndexSize=182
[2024.10.24-08.43.10:920][  0]LogPakFile: PakFile PathHashIndexSize=101
[2024.10.24-08.43.10:920][  0]LogPakFile: PakFile FullDirectoryIndexSize=138
[2024.10.24-08.43.10:920][  0]LogShaderLibrary: Display: ShaderCodeLibraryPakFileMountedCallback: PakFile 'G:/Games/UE_4.27/FeaturePacks/TP_Puzzle.upack' (chunk index -1, root 'root:/') mounted
[2024.10.24-08.43.10:920][  0]LogShaderLibrary: Display: ShaderCodeLibraryPakFileMountedCallback: pending pak file info (ChunkID:-1 Root:root:/ File:G:/Games/UE_4.27/FeaturePacks/TP_Puzzle.upack)
[2024.10.24-08.43.10:920][  0]LogPakFile: OnPakFileMounted2Time == 0.000138
[2024.10.24-08.43.10:962][  0]LogPakFile: PakFile PrimaryIndexSize=184
[2024.10.24-08.43.10:962][  0]LogPakFile: PakFile PathHashIndexSize=101
[2024.10.24-08.43.10:962][  0]LogPakFile: PakFile FullDirectoryIndexSize=142
[2024.10.24-08.43.10:962][  0]LogShaderLibrary: Display: ShaderCodeLibraryPakFileMountedCallback: PakFile 'G:/Games/UE_4.27/FeaturePacks/TP_PuzzleBP.upack' (chunk index -1, root 'root:/') mounted
[2024.10.24-08.43.10:962][  0]LogShaderLibrary: Display: ShaderCodeLibraryPakFileMountedCallback: pending pak file info (ChunkID:-1 Root:root:/ File:G:/Games/UE_4.27/FeaturePacks/TP_PuzzleBP.upack)
[2024.10.24-08.43.10:962][  0]LogPakFile: OnPakFileMounted2Time == 0.000040
[2024.10.24-08.43.10:969][  0]LogPakFile: PakFile PrimaryIndexSize=183
[2024.10.24-08.43.10:969][  0]LogPakFile: PakFile PathHashIndexSize=101
[2024.10.24-08.43.10:969][  0]LogPakFile: PakFile FullDirectoryIndexSize=140
[2024.10.24-08.43.10:969][  0]LogShaderLibrary: Display: ShaderCodeLibraryPakFileMountedCallback: PakFile 'G:/Games/UE_4.27/FeaturePacks/TP_Rolling.upack' (chunk index -1, root 'root:/') mounted
[2024.10.24-08.43.10:969][  0]LogShaderLibrary: Display: ShaderCodeLibraryPakFileMountedCallback: pending pak file info (ChunkID:-1 Root:root:/ File:G:/Games/UE_4.27/FeaturePacks/TP_Rolling.upack)
[2024.10.24-08.43.10:969][  0]LogPakFile: OnPakFileMounted2Time == 0.000036
[2024.10.24-08.43.10:989][  0]LogPakFile: PakFile PrimaryIndexSize=185
[2024.10.24-08.43.10:989][  0]LogPakFile: PakFile PathHashIndexSize=101
[2024.10.24-08.43.10:989][  0]LogPakFile: PakFile FullDirectoryIndexSize=144
[2024.10.24-08.43.10:989][  0]LogShaderLibrary: Display: ShaderCodeLibraryPakFileMountedCallback: PakFile 'G:/Games/UE_4.27/FeaturePacks/TP_RollingBP.upack' (chunk index -1, root 'root:/') mounted
[2024.10.24-08.43.10:989][  0]LogShaderLibrary: Display: ShaderCodeLibraryPakFileMountedCallback: pending pak file info (ChunkID:-1 Root:root:/ File:G:/Games/UE_4.27/FeaturePacks/TP_RollingBP.upack)
[2024.10.24-08.43.10:989][  0]LogPakFile: OnPakFileMounted2Time == 0.000126
[2024.10.24-08.43.11:023][  0]LogPakFile: PakFile PrimaryIndexSize=188
[2024.10.24-08.43.11:023][  0]LogPakFile: PakFile PathHashIndexSize=101
[2024.10.24-08.43.11:023][  0]LogPakFile: PakFile FullDirectoryIndexSize=150
[2024.10.24-08.43.11:023][  0]LogShaderLibrary: Display: ShaderCodeLibraryPakFileMountedCallback: PakFile 'G:/Games/UE_4.27/FeaturePacks/TP_SideScroller.upack' (chunk index -1, root 'root:/') mounted
[2024.10.24-08.43.11:023][  0]LogShaderLibrary: Display: ShaderCodeLibraryPakFileMountedCallback: pending pak file info (ChunkID:-1 Root:root:/ File:G:/Games/UE_4.27/FeaturePacks/TP_SideScroller.upack)
[2024.10.24-08.43.11:023][  0]LogPakFile: OnPakFileMounted2Time == 0.000159
[2024.10.24-08.43.11:043][  0]LogPakFile: PakFile PrimaryIndexSize=190
[2024.10.24-08.43.11:043][  0]LogPakFile: PakFile PathHashIndexSize=101
[2024.10.24-08.43.11:043][  0]LogPakFile: PakFile FullDirectoryIndexSize=154
[2024.10.24-08.43.11:043][  0]LogShaderLibrary: Display: ShaderCodeLibraryPakFileMountedCallback: PakFile 'G:/Games/UE_4.27/FeaturePacks/TP_SideScrollerBP.upack' (chunk index -1, root 'root:/') mounted
[2024.10.24-08.43.11:043][  0]LogShaderLibrary: Display: ShaderCodeLibraryPakFileMountedCallback: pending pak file info (ChunkID:-1 Root:root:/ File:G:/Games/UE_4.27/FeaturePacks/TP_SideScrollerBP.upack)
[2024.10.24-08.43.11:043][  0]LogPakFile: OnPakFileMounted2Time == 0.000037
[2024.10.24-08.43.11:070][  0]LogPakFile: PakFile PrimaryIndexSize=187
[2024.10.24-08.43.11:070][  0]LogPakFile: PakFile PathHashIndexSize=101
[2024.10.24-08.43.11:070][  0]LogPakFile: PakFile FullDirectoryIndexSize=148
[2024.10.24-08.43.11:070][  0]LogShaderLibrary: Display: ShaderCodeLibraryPakFileMountedCallback: PakFile 'G:/Games/UE_4.27/FeaturePacks/TP_ThirdPerson.upack' (chunk index -1, root 'root:/') mounted
[2024.10.24-08.43.11:070][  0]LogShaderLibrary: Display: ShaderCodeLibraryPakFileMountedCallback: pending pak file info (ChunkID:-1 Root:root:/ File:G:/Games/UE_4.27/FeaturePacks/TP_ThirdPerson.upack)
[2024.10.24-08.43.11:070][  0]LogPakFile: OnPakFileMounted2Time == 0.000041
[2024.10.24-08.43.11:093][  0]LogPakFile: PakFile PrimaryIndexSize=189
[2024.10.24-08.43.11:093][  0]LogPakFile: PakFile PathHashIndexSize=101
[2024.10.24-08.43.11:093][  0]LogPakFile: PakFile FullDirectoryIndexSize=152
[2024.10.24-08.43.11:093][  0]LogShaderLibrary: Display: ShaderCodeLibraryPakFileMountedCallback: PakFile 'G:/Games/UE_4.27/FeaturePacks/TP_ThirdPersonBP.upack' (chunk index -1, root 'root:/') mounted
[2024.10.24-08.43.11:093][  0]LogShaderLibrary: Display: ShaderCodeLibraryPakFileMountedCallback: pending pak file info (ChunkID:-1 Root:root:/ File:G:/Games/UE_4.27/FeaturePacks/TP_ThirdPersonBP.upack)
[2024.10.24-08.43.11:093][  0]LogPakFile: OnPakFileMounted2Time == 0.000043
[2024.10.24-08.43.11:119][  0]LogPakFile: PakFile PrimaryIndexSize=183
[2024.10.24-08.43.11:119][  0]LogPakFile: PakFile PathHashIndexSize=101
[2024.10.24-08.43.11:120][  0]LogPakFile: PakFile FullDirectoryIndexSize=140
[2024.10.24-08.43.11:120][  0]LogShaderLibrary: Display: ShaderCodeLibraryPakFileMountedCallback: PakFile 'G:/Games/UE_4.27/FeaturePacks/TP_TopDown.upack' (chunk index -1, root 'root:/') mounted
[2024.10.24-08.43.11:120][  0]LogShaderLibrary: Display: ShaderCodeLibraryPakFileMountedCallback: pending pak file info (ChunkID:-1 Root:root:/ File:G:/Games/UE_4.27/FeaturePacks/TP_TopDown.upack)
[2024.10.24-08.43.11:120][  0]LogPakFile: OnPakFileMounted2Time == 0.000080
[2024.10.24-08.43.11:154][  0]LogPakFile: PakFile PrimaryIndexSize=185
[2024.10.24-08.43.11:154][  0]LogPakFile: PakFile PathHashIndexSize=101
[2024.10.24-08.43.11:154][  0]LogPakFile: PakFile FullDirectoryIndexSize=144
[2024.10.24-08.43.11:154][  0]LogShaderLibrary: Display: ShaderCodeLibraryPakFileMountedCallback: PakFile 'G:/Games/UE_4.27/FeaturePacks/TP_TopDownBP.upack' (chunk index -1, root 'root:/') mounted
[2024.10.24-08.43.11:154][  0]LogShaderLibrary: Display: ShaderCodeLibraryPakFileMountedCallback: pending pak file info (ChunkID:-1 Root:root:/ File:G:/Games/UE_4.27/FeaturePacks/TP_TopDownBP.upack)
[2024.10.24-08.43.11:154][  0]LogPakFile: OnPakFileMounted2Time == 0.000041
[2024.10.24-08.43.11:190][  0]LogPakFile: PakFile PrimaryIndexSize=185
[2024.10.24-08.43.11:190][  0]LogPakFile: PakFile PathHashIndexSize=101
[2024.10.24-08.43.11:190][  0]LogPakFile: PakFile FullDirectoryIndexSize=144
[2024.10.24-08.43.11:190][  0]LogShaderLibrary: Display: ShaderCodeLibraryPakFileMountedCallback: PakFile 'G:/Games/UE_4.27/FeaturePacks/TP_TwinStick.upack' (chunk index -1, root 'root:/') mounted
[2024.10.24-08.43.11:190][  0]LogShaderLibrary: Display: ShaderCodeLibraryPakFileMountedCallback: pending pak file info (ChunkID:-1 Root:root:/ File:G:/Games/UE_4.27/FeaturePacks/TP_TwinStick.upack)
[2024.10.24-08.43.11:190][  0]LogPakFile: OnPakFileMounted2Time == 0.000039
[2024.10.24-08.43.11:224][  0]LogPakFile: PakFile PrimaryIndexSize=187
[2024.10.24-08.43.11:224][  0]LogPakFile: PakFile PathHashIndexSize=101
[2024.10.24-08.43.11:224][  0]LogPakFile: PakFile FullDirectoryIndexSize=148
[2024.10.24-08.43.11:224][  0]LogShaderLibrary: Display: ShaderCodeLibraryPakFileMountedCallback: PakFile 'G:/Games/UE_4.27/FeaturePacks/TP_TwinStickBP.upack' (chunk index -1, root 'root:/') mounted
[2024.10.24-08.43.11:224][  0]LogShaderLibrary: Display: ShaderCodeLibraryPakFileMountedCallback: pending pak file info (ChunkID:-1 Root:root:/ File:G:/Games/UE_4.27/FeaturePacks/TP_TwinStickBP.upack)
[2024.10.24-08.43.11:224][  0]LogPakFile: OnPakFileMounted2Time == 0.000044
[2024.10.24-08.43.11:242][  0]LogPakFile: PakFile PrimaryIndexSize=183
[2024.10.24-08.43.11:242][  0]LogPakFile: PakFile PathHashIndexSize=101
[2024.10.24-08.43.11:242][  0]LogPakFile: PakFile FullDirectoryIndexSize=140
[2024.10.24-08.43.11:242][  0]LogShaderLibrary: Display: ShaderCodeLibraryPakFileMountedCallback: PakFile 'G:/Games/UE_4.27/FeaturePacks/TP_Vehicle.upack' (chunk index -1, root 'root:/') mounted
[2024.10.24-08.43.11:242][  0]LogShaderLibrary: Display: ShaderCodeLibraryPakFileMountedCallback: pending pak file info (ChunkID:-1 Root:root:/ File:G:/Games/UE_4.27/FeaturePacks/TP_Vehicle.upack)
[2024.10.24-08.43.11:242][  0]LogPakFile: OnPakFileMounted2Time == 0.000066
[2024.10.24-08.43.11:298][  0]LogPakFile: PakFile PrimaryIndexSize=186
[2024.10.24-08.43.11:299][  0]LogPakFile: PakFile PathHashIndexSize=101
[2024.10.24-08.43.11:299][  0]LogPakFile: PakFile FullDirectoryIndexSize=146
[2024.10.24-08.43.11:299][  0]LogShaderLibrary: Display: ShaderCodeLibraryPakFileMountedCallback: PakFile 'G:/Games/UE_4.27/FeaturePacks/TP_VehicleAdv.upack' (chunk index -1, root 'root:/') mounted
[2024.10.24-08.43.11:299][  0]LogShaderLibrary: Display: ShaderCodeLibraryPakFileMountedCallback: pending pak file info (ChunkID:-1 Root:root:/ File:G:/Games/UE_4.27/FeaturePacks/TP_VehicleAdv.upack)
[2024.10.24-08.43.11:299][  0]LogPakFile: OnPakFileMounted2Time == 0.000063
[2024.10.24-08.43.11:328][  0]LogPakFile: PakFile PrimaryIndexSize=188
[2024.10.24-08.43.11:328][  0]LogPakFile: PakFile PathHashIndexSize=101
[2024.10.24-08.43.11:328][  0]LogPakFile: PakFile FullDirectoryIndexSize=150
[2024.10.24-08.43.11:328][  0]LogShaderLibrary: Display: ShaderCodeLibraryPakFileMountedCallback: PakFile 'G:/Games/UE_4.27/FeaturePacks/TP_VehicleAdvBP.upack' (chunk index -1, root 'root:/') mounted
[2024.10.24-08.43.11:328][  0]LogShaderLibrary: Display: ShaderCodeLibraryPakFileMountedCallback: pending pak file info (ChunkID:-1 Root:root:/ File:G:/Games/UE_4.27/FeaturePacks/TP_VehicleAdvBP.upack)
[2024.10.24-08.43.11:328][  0]LogPakFile: OnPakFileMounted2Time == 0.000040
[2024.10.24-08.43.11:353][  0]LogPakFile: PakFile PrimaryIndexSize=185
[2024.10.24-08.43.11:353][  0]LogPakFile: PakFile PathHashIndexSize=101
[2024.10.24-08.43.11:353][  0]LogPakFile: PakFile FullDirectoryIndexSize=144
[2024.10.24-08.43.11:353][  0]LogShaderLibrary: Display: ShaderCodeLibraryPakFileMountedCallback: PakFile 'G:/Games/UE_4.27/FeaturePacks/TP_VehicleBP.upack' (chunk index -1, root 'root:/') mounted
[2024.10.24-08.43.11:353][  0]LogShaderLibrary: Display: ShaderCodeLibraryPakFileMountedCallback: pending pak file info (ChunkID:-1 Root:root:/ File:G:/Games/UE_4.27/FeaturePacks/TP_VehicleBP.upack)
[2024.10.24-08.43.11:353][  0]LogPakFile: OnPakFileMounted2Time == 0.000045
[2024.10.24-08.43.11:367][  0]LogPakFile: PakFile PrimaryIndexSize=192
[2024.10.24-08.43.11:367][  0]LogPakFile: PakFile PathHashIndexSize=101
[2024.10.24-08.43.11:367][  0]LogPakFile: PakFile FullDirectoryIndexSize=158
[2024.10.24-08.43.11:367][  0]LogShaderLibrary: Display: ShaderCodeLibraryPakFileMountedCallback: PakFile 'G:/Games/UE_4.27/FeaturePacks/TP_VirtualRealityBP.upack' (chunk index -1, root 'root:/') mounted
[2024.10.24-08.43.11:367][  0]LogShaderLibrary: Display: ShaderCodeLibraryPakFileMountedCallback: pending pak file info (ChunkID:-1 Root:root:/ File:G:/Games/UE_4.27/FeaturePacks/TP_VirtualRealityBP.upack)
[2024.10.24-08.43.11:367][  0]LogPakFile: OnPakFileMounted2Time == 0.000037
[2024.10.24-08.43.12:992][  0]LogNativeClassHierarchy: Verbose: Native class hierarchy updated for 'AddContentDialog' in 0.0004 seconds. Added 0 classes and 0 folders.
[2024.10.24-08.43.13:015][  0]LogNativeClassHierarchy: Verbose: Native class hierarchy updated for 'SceneOutliner' in 0.0006 seconds. Added 2 classes and 0 folders.
[2024.10.24-08.43.14:007][  0]LogSlate: Took 0.040527 seconds to synchronously load lazily loaded font '../../../Engine/Content/Slate/Fonts/Roboto-Regular.ttf' (155K)
[2024.10.24-08.43.14:047][  0]LogSlate: Took 0.038723 seconds to synchronously load lazily loaded font '../../../Engine/Content/Editor/Slate/Fonts/FontAwesome.ttf' (139K)
[2024.10.24-08.43.14:101][  0]LogSlate: Took 0.029595 seconds to synchronously load lazily loaded font '../../../Engine/Content/Slate/Fonts/Roboto-Bold.ttf' (160K)
[2024.10.24-08.43.14:520][  0]LogRenderer: Reallocating scene render targets to support 1616x636 Format 10 NumSamples 1 (Frame:1).
[2024.10.24-08.43.14:656][  0]LogSlate: Took 0.000360 seconds to synchronously load lazily loaded font '../../../Engine/Content/Slate/Fonts/Roboto-Light.ttf' (167K)
[2024.10.24-08.43.14:912][  0]LogNativeClassHierarchy: Verbose: Native class hierarchy updated for 'HierarchicalLODOutliner' in 0.0004 seconds. Added 0 classes and 0 folders.
[2024.10.24-08.43.14:927][  0]LogLoad: (Engine Initialization) Total time: 290.64 seconds
[2024.10.24-08.43.14:927][  0]LogLoad: (Engine Initialization) Total Blueprint compile time: 0.00 seconds
[2024.10.24-08.43.15:023][  0]LogRawInputWindows: Warning: Found device 10 devices
[2024.10.24-08.43.15:354][  0]LogContentStreaming: Texture pool size now 400 MB
[2024.10.24-08.43.15:685][  1]LogAssetRegistry: Asset discovery search completed in 111.3097 seconds
[2024.10.24-08.43.15:845][  1]LogCollectionManager: Fixed up redirectors for 0 collections in 0.000003 seconds (updated 0 objects)
[2024.10.24-08.43.16:624][  4]LogSlate: Took 0.000219 seconds to synchronously load lazily loaded font '../../../Engine/Content/Slate/Fonts/Roboto-Light.ttf' (167K)
